STARTING AT Sun Apr 3 19:12:35 CEST 2016

real	1m23.376s
user	1m38.650s
sys	0m22.927s

real	1m23.386s
user	1m38.307s
sys	0m21.869s

real	1m24.265s
user	1m38.816s
sys	0m21.780s

real	1m23.315s
user	1m38.236s
sys	0m22.108s

real	1m23.508s
user	1m38.216s
sys	0m22.097s

real	1m24.224s
user	1m38.665s
sys	0m21.985s

real	1m23.530s
user	1m38.301s
sys	0m22.072s

real	1m23.991s
user	1m38.168s
sys	0m21.936s

real	1m24.942s
user	1m37.949s
sys	0m22.357s

real	1m23.334s
user	1m38.232s
sys	0m21.872s

real	1m26.499s
user	1m37.876s
sys	0m23.001s

real	1m23.132s
user	1m37.143s
sys	0m22.685s

real	1m24.171s
user	1m38.119s
sys	0m22.045s

real	1m23.106s
user	1m37.601s
sys	0m22.278s

real	1m25.751s
user	1m37.019s
sys	0m23.719s

real	1m23.017s
user	1m36.789s
sys	0m23.412s

real	1m23.482s
user	1m37.690s
sys	0m22.835s

real	1m24.142s
user	1m39.294s
sys	0m21.472s

real	1m23.668s
user	1m38.730s
sys	0m21.915s

real	1m23.287s
user	1m36.405s
sys	0m23.622s

real	1m24.334s
user	1m37.603s
sys	0m22.984s

real	1m23.668s
user	1m37.697s
sys	0m22.771s

real	1m23.769s
user	1m38.135s
sys	0m22.038s

real	1m23.312s
user	1m38.315s
sys	0m21.645s

real	1m23.772s
user	1m37.452s
sys	0m23.281s

real	1m24.520s
user	1m38.255s
sys	0m22.527s

real	1m23.447s
user	1m38.719s
sys	0m21.861s

real	1m23.461s
user	1m38.132s
sys	0m22.554s

real	1m24.615s
user	1m35.674s
sys	0m23.522s

real	1m23.436s
user	1m36.946s
sys	0m23.272s
Submitted batch job 476732
FINISHED at Sun Apr 3 19:54:32 CEST 2016
