STARTING AT Sun Apr 3 13:23:12 CEST 2016

real	0m29.981s
user	0m31.077s
sys	0m5.542s

real	0m25.830s
user	0m30.714s
sys	0m4.916s

real	0m26.063s
user	0m30.703s
sys	0m5.094s

real	0m28.743s
user	0m30.873s
sys	0m4.874s

real	0m25.889s
user	0m30.489s
sys	0m5.160s

real	0m25.501s
user	0m30.446s
sys	0m5.019s

real	0m25.421s
user	0m30.461s
sys	0m5.084s

real	0m25.382s
user	0m30.688s
sys	0m4.886s

real	0m25.330s
user	0m30.574s
sys	0m4.848s

real	0m25.624s
user	0m30.540s
sys	0m4.975s

real	0m25.349s
user	0m30.395s
sys	0m5.142s

real	0m25.312s
user	0m30.637s
sys	0m4.896s

real	0m25.510s
user	0m30.426s
sys	0m4.987s

real	0m25.362s
user	0m30.453s
sys	0m5.065s

real	0m25.420s
user	0m30.666s
sys	0m4.823s

real	0m25.514s
user	0m30.542s
sys	0m5.034s

real	0m25.418s
user	0m30.540s
sys	0m4.966s

real	0m25.513s
user	0m30.403s
sys	0m4.962s

real	0m25.222s
user	0m30.135s
sys	0m5.063s

real	0m24.559s
user	0m29.784s
sys	0m4.871s

real	0m24.941s
user	0m30.104s
sys	0m4.878s

real	0m24.923s
user	0m30.124s
sys	0m4.955s

real	0m24.949s
user	0m30.353s
sys	0m4.812s

real	0m25.011s
user	0m29.474s
sys	0m5.554s

real	0m24.957s
user	0m30.045s
sys	0m4.991s

real	0m25.003s
user	0m30.038s
sys	0m4.850s

real	0m25.129s
user	0m30.293s
sys	0m5.004s

real	0m24.946s
user	0m30.143s
sys	0m5.012s

real	0m24.970s
user	0m30.176s
sys	0m4.862s

real	0m24.995s
user	0m30.155s
sys	0m4.990s

real	0m25.008s
user	0m30.232s
sys	0m4.905s
Submitted batch job 476649
FINISHED at Sun Apr 3 13:36:24 CEST 2016
