STARTING AT Sun Apr 3 14:04:54 CEST 2016

real	1m30.125s
user	1m56.443s
sys	0m18.299s

real	1m30.913s
user	1m56.324s
sys	0m18.346s

real	1m29.867s
user	1m57.086s
sys	0m17.194s

real	1m27.808s
user	1m56.407s
sys	0m17.208s

real	1m26.820s
user	1m56.735s
sys	0m16.772s

real	1m28.091s
user	1m56.703s
sys	0m16.874s

real	1m27.474s
user	1m56.379s
sys	0m17.437s

real	1m28.229s
user	1m56.866s
sys	0m16.912s

real	1m27.380s
user	1m56.492s
sys	0m17.514s

real	1m27.850s
user	1m56.659s
sys	0m17.269s

real	1m26.920s
user	1m56.784s
sys	0m17.270s

real	1m27.974s
user	1m57.071s
sys	0m17.172s

real	1m27.608s
user	1m56.780s
sys	0m17.020s

real	1m28.185s
user	1m56.049s
sys	0m17.771s

real	1m27.125s
user	1m56.514s
sys	0m17.055s

real	1m27.763s
user	1m55.790s
sys	0m17.922s

real	1m30.460s
user	1m57.393s
sys	0m17.520s

real	1m28.854s
user	1m56.562s
sys	0m17.563s

real	1m28.213s
user	1m56.156s
sys	0m17.736s

real	1m29.342s
user	1m56.594s
sys	0m17.310s

real	1m27.742s
user	1m56.172s
sys	0m17.336s

real	1m26.873s
user	1m56.731s
sys	0m16.897s

real	1m28.722s
user	1m56.282s
sys	0m18.010s

real	1m27.230s
user	1m56.600s
sys	0m16.981s

real	1m28.416s
user	1m56.314s
sys	0m18.073s

real	1m27.589s
user	1m56.675s
sys	0m17.369s

real	1m29.769s
user	1m56.631s
sys	0m17.147s

real	1m27.353s
user	1m56.604s
sys	0m17.200s

real	1m30.841s
user	1m55.738s
sys	0m18.117s

real	1m27.651s
user	1m56.570s
sys	0m17.408s

real	1m29.480s
user	1m56.096s
sys	0m17.758s
Submitted batch job 476671
FINISHED at Sun Apr 3 14:50:34 CEST 2016
