STARTING AT Sun Apr 3 14:43:15 CEST 2016

real	1m1.612s
user	1m14.255s
sys	0m12.748s

real	0m55.319s
user	1m13.066s
sys	0m10.760s

real	0m55.083s
user	1m12.546s
sys	0m10.761s

real	0m54.895s
user	1m12.664s
sys	0m10.513s

real	0m55.004s
user	1m12.013s
sys	0m11.282s

real	0m54.927s
user	1m12.372s
sys	0m10.936s

real	0m55.261s
user	1m12.590s
sys	0m10.915s

real	0m55.041s
user	1m12.641s
sys	0m10.800s

real	0m54.943s
user	1m12.806s
sys	0m11.071s

real	0m54.858s
user	1m12.288s
sys	0m10.867s

real	0m55.070s
user	1m11.851s
sys	0m11.440s

real	0m54.975s
user	1m12.444s
sys	0m10.810s

real	0m55.015s
user	1m12.532s
sys	0m11.257s

real	0m54.843s
user	1m12.276s
sys	0m10.864s

real	0m54.972s
user	1m12.496s
sys	0m10.884s

real	0m55.037s
user	1m13.254s
sys	0m10.653s

real	0m55.200s
user	1m12.755s
sys	0m10.831s

real	0m55.035s
user	1m12.566s
sys	0m10.673s

real	0m54.896s
user	1m12.652s
sys	0m10.651s

real	0m55.086s
user	1m12.883s
sys	0m10.875s

real	0m55.044s
user	1m12.577s
sys	0m10.769s

real	0m55.048s
user	1m12.240s
sys	0m11.065s

real	0m55.129s
user	1m12.643s
sys	0m10.783s

real	0m55.021s
user	1m12.366s
sys	0m10.922s

real	0m54.992s
user	1m12.659s
sys	0m10.733s

real	0m54.975s
user	1m12.550s
sys	0m10.751s

real	0m55.116s
user	1m12.606s
sys	0m10.777s

real	0m55.027s
user	1m12.254s
sys	0m11.067s

real	0m55.092s
user	1m12.862s
sys	0m11.008s

real	0m54.829s
user	1m12.411s
sys	0m10.662s

real	0m55.145s
user	1m12.592s
sys	0m10.919s
Submitted batch job 476679
FINISHED at Sun Apr 3 15:11:48 CEST 2016
