discarding /ssoft/Anaconda/2.1.0-Python-2.7/RH6/gcc-4.4.7/x86_E5v2/gcc/bin from PATH
prepending /home/mohanty/.conda/envs/mohanty/bin to PATH
STARTING AT Sun Apr 3 15:37:51 CEST 2016
/ssoft/Anaconda/2.1.0-Python-2.7/RH6/gcc-4.4.7/x86_E5v2/gcc/lib/python2.7/site-packages/sklearn/metrics/metrics.py:1771: UndefinedMetricWarning: Precision and F-score are ill-defined and being set to 0.0 in labels with no predicted samples.
  'precision', 'predicted', average, warn_for)
/ssoft/Anaconda/2.1.0-Python-2.7/RH6/gcc-4.4.7/x86_E5v2/gcc/lib/python2.7/site-packages/pandas/core/index.py:503: FutureWarning: scalar indexers for index type Int64Index should be integers and not floating point
  type(self).__name__),FutureWarning)
/ssoft/Anaconda/2.1.0-Python-2.7/RH6/gcc-4.4.7/x86_E5v2/gcc/lib/python2.7/site-packages/matplotlib/figure.py:1644: UserWarning: This figure includes Axes that are not compatible with tight_layout, so its results might be incorrect.
  warnings.warn("This figure includes Axes that are not "
268
536
804
1072
1340
1608
1876
2144
2412
2680
2948
3216
3484
3752
4020
4288
4556
4824
5092
5360
5628
5896
6164
6432
6700
6968
7236
7504
7772
8040
8066
Writing all results as CSV in caffe.log.evaluation
FINISHED at Sun Apr 3 15:44:24 CEST 2016
