STARTING AT Sun Apr 3 15:33:45 CEST 2016

real	0m46.307s
user	0m47.890s
sys	0m12.077s

real	0m43.699s
user	0m47.998s
sys	0m11.379s

real	0m43.026s
user	0m47.501s
sys	0m11.272s

real	0m43.424s
user	0m47.660s
sys	0m11.514s

real	0m43.012s
user	0m47.208s
sys	0m11.579s

real	0m43.257s
user	0m47.416s
sys	0m11.519s

real	0m43.706s
user	0m47.667s
sys	0m11.653s

real	0m43.152s
user	0m47.116s
sys	0m11.697s

real	0m43.719s
user	0m47.459s
sys	0m11.681s

real	0m43.087s
user	0m47.570s
sys	0m11.180s

real	0m42.885s
user	0m47.315s
sys	0m11.144s

real	0m43.020s
user	0m47.215s
sys	0m11.498s

real	0m43.128s
user	0m47.560s
sys	0m11.439s

real	0m43.137s
user	0m47.357s
sys	0m11.476s

real	0m43.644s
user	0m47.715s
sys	0m11.508s

real	0m43.538s
user	0m47.685s
sys	0m11.596s

real	0m43.131s
user	0m47.301s
sys	0m11.451s

real	0m42.959s
user	0m47.390s
sys	0m11.205s

real	0m43.581s
user	0m47.510s
sys	0m11.439s

real	0m43.468s
user	0m47.752s
sys	0m10.953s

real	0m43.264s
user	0m47.748s
sys	0m11.099s

real	0m43.409s
user	0m47.260s
sys	0m11.339s

real	0m43.694s
user	0m47.445s
sys	0m11.248s

real	0m43.457s
user	0m47.385s
sys	0m11.324s

real	0m43.719s
user	0m47.425s
sys	0m11.320s

real	0m44.427s
user	0m47.812s
sys	0m11.609s

real	0m43.166s
user	0m47.352s
sys	0m11.449s

real	0m43.034s
user	0m47.354s
sys	0m11.307s

real	0m43.058s
user	0m47.421s
sys	0m11.162s

real	0m43.567s
user	0m48.001s
sys	0m11.428s

real	0m43.208s
user	0m47.469s
sys	0m11.342s
Submitted batch job 476703
FINISHED at Sun Apr 3 15:56:11 CEST 2016
