STARTING AT Sun Apr 3 15:04:31 CEST 2016

real	1m28.221s
user	1m41.957s
sys	0m23.233s

real	1m27.829s
user	1m42.712s
sys	0m22.517s

real	1m28.198s
user	1m41.246s
sys	0m23.977s

real	1m27.663s
user	1m42.577s
sys	0m22.697s

real	1m27.808s
user	1m40.883s
sys	0m24.083s

real	1m27.572s
user	1m42.566s
sys	0m22.689s

real	1m27.643s
user	1m40.666s
sys	0m24.103s

real	1m27.791s
user	1m42.431s
sys	0m22.908s

real	1m27.941s
user	1m41.262s
sys	0m23.958s

real	1m27.749s
user	1m42.519s
sys	0m22.658s

real	1m28.470s
user	1m40.965s
sys	0m24.417s

real	1m27.507s
user	1m42.486s
sys	0m22.827s

real	1m26.461s
user	1m40.176s
sys	0m24.907s

real	1m26.404s
user	1m42.390s
sys	0m23.363s

real	1m25.818s
user	1m42.320s
sys	0m22.761s

real	1m26.142s
user	1m41.971s
sys	0m23.330s

real	1m25.605s
user	1m42.782s
sys	0m22.631s

real	1m25.994s
user	1m41.564s
sys	0m23.158s

real	1m25.617s
user	1m42.488s
sys	0m22.822s

real	1m25.633s
user	1m41.035s
sys	0m23.214s

real	1m25.664s
user	1m41.764s
sys	0m22.945s

real	1m25.554s
user	1m42.021s
sys	0m23.241s

real	1m25.476s
user	1m40.168s
sys	0m24.054s

real	1m26.019s
user	1m40.033s
sys	0m24.611s

real	1m26.197s
user	1m42.260s
sys	0m23.202s

real	1m25.564s
user	1m41.664s
sys	0m23.014s

real	1m25.614s
user	1m42.318s
sys	0m22.704s

real	1m25.526s
user	1m41.434s
sys	0m22.772s

real	1m25.449s
user	1m42.181s
sys	0m22.592s

real	1m26.875s
user	1m43.025s
sys	0m22.632s
Submitted batch job 476698
FINISHED at Sun Apr 3 15:47:51 CEST 2016
