STARTING AT Sun Apr 3 14:07:55 CEST 2016

real	2m46.925s
user	3m20.687s
sys	0m43.537s

real	2m44.278s
user	3m21.279s
sys	0m42.921s

real	2m44.111s
user	3m20.908s
sys	0m43.330s

real	2m44.658s
user	3m21.275s
sys	0m42.965s

real	2m44.141s
user	3m20.265s
sys	0m43.935s

real	2m44.252s
user	3m18.873s
sys	0m45.337s

real	2m44.312s
user	3m20.696s
sys	0m43.568s

real	2m44.263s
user	3m19.172s
sys	0m45.337s

real	2m48.998s
user	3m18.580s
sys	0m45.976s

real	2m44.015s
user	3m18.152s
sys	0m46.015s

real	2m44.476s
user	3m19.158s
sys	0m45.102s

real	2m46.148s
user	3m18.903s
sys	0m45.634s

real	2m44.300s
user	3m19.338s
sys	0m45.230s

real	2m44.651s
user	3m20.890s
sys	0m43.488s

real	2m44.477s
user	3m19.396s
sys	0m44.776s

real	2m44.103s
user	3m18.216s
sys	0m44.930s

real	2m47.689s
user	3m18.363s
sys	0m46.368s

real	2m44.103s
user	3m17.691s
sys	0m47.023s

real	2m46.927s
user	3m18.433s
sys	0m46.527s

real	2m44.234s
user	3m18.290s
sys	0m46.381s

real	2m43.869s
user	3m16.480s
sys	0m46.565s

real	2m45.459s
user	3m17.119s
sys	0m46.237s

real	2m45.366s
user	3m16.494s
sys	0m46.878s

real	2m43.953s
user	3m18.058s
sys	0m45.277s

real	2m44.022s
user	3m18.823s
sys	0m44.848s

real	2m43.852s
user	3m18.064s
sys	0m45.355s

real	2m45.701s
user	3m18.620s
sys	0m44.785s

real	2m44.604s
user	3m18.164s
sys	0m45.170s

real	2m44.694s
user	3m18.120s
sys	0m45.209s

real	2m43.907s
user	3m18.763s
sys	0m44.742s

real	2m44.036s
user	3m17.042s
sys	0m46.172s
Submitted batch job 476684
FINISHED at Sun Apr 3 15:33:06 CEST 2016
