STARTING AT Sun Apr 3 13:31:38 CEST 2016

real	2m48.677s
user	3m10.719s
sys	0m44.279s

real	2m48.518s
user	3m8.796s
sys	0m45.591s

real	2m45.055s
user	3m8.159s
sys	0m45.899s

real	2m45.376s
user	3m8.298s
sys	0m45.304s

real	2m45.072s
user	3m8.244s
sys	0m45.767s

real	2m45.094s
user	3m7.658s
sys	0m45.228s

real	2m46.885s
user	3m8.691s
sys	0m46.304s

real	2m46.605s
user	3m10.997s
sys	0m44.521s

real	2m45.086s
user	3m8.439s
sys	0m45.509s

real	2m45.131s
user	3m8.159s
sys	0m45.461s

real	2m44.865s
user	3m6.972s
sys	0m44.735s

real	2m46.251s
user	3m8.034s
sys	0m45.510s

real	2m48.218s
user	3m9.148s
sys	0m45.893s

real	2m45.825s
user	3m11.001s
sys	0m43.165s

real	2m47.840s
user	3m12.975s
sys	0m43.206s

real	2m46.126s
user	3m11.663s
sys	0m43.797s

real	2m46.065s
user	3m10.947s
sys	0m43.578s

real	2m45.719s
user	3m10.484s
sys	0m44.018s

real	2m46.137s
user	3m10.162s
sys	0m45.506s

real	2m46.016s
user	3m8.192s
sys	0m46.532s

real	2m45.488s
user	3m9.446s
sys	0m45.425s

real	2m44.084s
user	3m6.973s
sys	0m46.276s

real	2m44.493s
user	3m6.349s
sys	0m46.181s

real	2m43.599s
user	3m8.217s
sys	0m44.878s

real	2m45.921s
user	3m9.429s
sys	0m45.442s

real	2m46.735s
user	3m8.661s
sys	0m47.007s

real	2m46.127s
user	3m10.886s
sys	0m44.737s

real	2m48.104s
user	3m8.853s
sys	0m46.599s

real	2m45.312s
user	3m10.270s
sys	0m44.436s

real	2m45.592s
user	3m9.248s
sys	0m45.364s

real	2m46.162s
user	3m9.405s
sys	0m45.485s
Submitted batch job 476672
FINISHED at Sun Apr 3 14:57:25 CEST 2016
