discarding /ssoft/Anaconda/2.1.0-Python-2.7/RH6/gcc-4.4.7/x86_E5v2/gcc/bin from PATH
prepending /home/mohanty/.conda/envs/mohanty/bin to PATH
STARTING AT Sun Apr 3 15:22:37 CEST 2016
/ssoft/Anaconda/2.1.0-Python-2.7/RH6/gcc-4.4.7/x86_E5v2/gcc/lib/python2.7/site-packages/pandas/core/index.py:503: FutureWarning: scalar indexers for index type Int64Index should be integers and not floating point
  type(self).__name__),FutureWarning)
/ssoft/Anaconda/2.1.0-Python-2.7/RH6/gcc-4.4.7/x86_E5v2/gcc/lib/python2.7/site-packages/matplotlib/figure.py:1644: UserWarning: This figure includes Axes that are not compatible with tight_layout, so its results might be incorrect.
  warnings.warn("This figure includes Axes that are not "
437
874
1311
1748
2185
2622
3059
3496
3933
4370
4807
5244
5681
6118
6555
6992
7429
7866
8303
8740
9177
9614
10051
10488
10925
11362
11799
12236
12673
13110
13127
Writing all results as CSV in caffe.log.evaluation
FINISHED at Sun Apr 3 15:26:13 CEST 2016
