STARTING AT Sun Apr 3 14:49:16 CEST 2016

real	2m5.016s
user	2m21.161s
sys	0m32.464s

real	2m2.384s
user	2m21.416s
sys	0m31.942s

real	2m2.215s
user	2m20.137s
sys	0m33.025s

real	2m2.173s
user	2m19.613s
sys	0m33.151s

real	2m2.033s
user	2m20.070s
sys	0m33.291s

real	2m2.323s
user	2m19.145s
sys	0m34.122s

real	2m2.319s
user	2m21.326s
sys	0m32.838s

real	2m1.807s
user	2m20.509s
sys	0m33.217s

real	2m2.112s
user	2m20.509s
sys	0m33.227s

real	2m2.040s
user	2m19.795s
sys	0m33.163s

real	2m2.182s
user	2m19.795s
sys	0m33.089s

real	2m2.783s
user	2m18.372s
sys	0m34.429s

real	2m2.211s
user	2m20.007s
sys	0m33.147s

real	2m2.444s
user	2m20.868s
sys	0m32.712s

real	2m2.262s
user	2m19.512s
sys	0m33.615s

real	2m2.132s
user	2m19.119s
sys	0m34.050s

real	2m2.111s
user	2m19.682s
sys	0m34.026s

real	2m2.173s
user	2m20.591s
sys	0m32.590s

real	2m2.065s
user	2m20.557s
sys	0m32.668s

real	2m2.015s
user	2m19.526s
sys	0m33.199s

real	2m2.249s
user	2m19.894s
sys	0m33.013s

real	2m2.439s
user	2m19.641s
sys	0m33.963s

real	2m2.541s
user	2m18.132s
sys	0m34.339s

real	2m2.253s
user	2m20.400s
sys	0m32.874s

real	2m2.133s
user	2m19.996s
sys	0m32.890s

real	2m1.854s
user	2m19.770s
sys	0m33.442s

real	2m2.494s
user	2m18.543s
sys	0m33.914s

real	2m1.799s
user	2m19.897s
sys	0m32.857s

real	2m2.328s
user	2m20.445s
sys	0m32.396s

real	2m2.510s
user	2m20.003s
sys	0m32.940s

real	2m2.621s
user	2m20.567s
sys	0m31.964s
Submitted batch job 476699
FINISHED at Sun Apr 3 15:52:28 CEST 2016
