STARTING AT Sun Apr 3 12:18:12 CEST 2016

real	1m9.895s
user	1m27.702s
sys	0m12.759s

real	1m6.036s
user	1m27.466s
sys	0m12.605s

real	1m5.717s
user	1m27.491s
sys	0m12.302s

real	1m5.849s
user	1m27.113s
sys	0m12.773s

real	1m7.406s
user	1m27.803s
sys	0m12.233s

real	1m6.290s
user	1m27.687s
sys	0m12.324s

real	1m5.839s
user	1m27.495s
sys	0m12.538s

real	1m5.568s
user	1m27.425s
sys	0m12.218s

real	1m8.029s
user	1m26.926s
sys	0m13.136s

real	1m6.016s
user	1m27.204s
sys	0m12.868s

real	1m5.722s
user	1m27.415s
sys	0m12.351s

real	1m5.814s
user	1m27.247s
sys	0m12.824s

real	1m6.220s
user	1m26.926s
sys	0m13.109s

real	1m6.023s
user	1m27.434s
sys	0m12.715s

real	1m6.192s
user	1m27.249s
sys	0m12.728s

real	1m5.858s
user	1m27.188s
sys	0m12.740s

real	1m5.993s
user	1m26.790s
sys	0m13.227s

real	1m5.997s
user	1m27.076s
sys	0m13.054s

real	1m6.014s
user	1m27.734s
sys	0m12.859s

real	1m5.990s
user	1m27.305s
sys	0m12.890s

real	1m6.249s
user	1m27.078s
sys	0m13.140s

real	1m5.909s
user	1m27.272s
sys	0m12.742s

real	1m6.009s
user	1m27.314s
sys	0m12.803s

real	1m6.110s
user	1m27.357s
sys	0m12.585s

real	1m6.081s
user	1m26.891s
sys	0m13.292s

real	1m6.074s
user	1m27.427s
sys	0m12.708s

real	1m6.229s
user	1m27.178s
sys	0m12.925s

real	1m6.023s
user	1m27.526s
sys	0m12.710s

real	1m6.088s
user	1m26.809s
sys	0m13.219s

real	1m6.027s
user	1m26.911s
sys	0m13.159s

real	1m7.185s
user	1m27.717s
sys	0m12.501s
Submitted batch job 476637
FINISHED at Sun Apr 3 12:52:27 CEST 2016
