STARTING AT Sun Apr 3 14:58:22 CEST 2016

real	1m44.938s
user	2m8.106s
sys	0m29.062s

real	1m45.162s
user	2m5.653s
sys	0m27.767s

real	1m45.049s
user	2m6.666s
sys	0m27.797s

real	1m44.964s
user	2m6.291s
sys	0m27.968s

real	1m46.609s
user	2m4.696s
sys	0m29.926s

real	1m45.235s
user	2m7.205s
sys	0m27.585s

real	1m45.208s
user	2m5.677s
sys	0m28.875s

real	1m45.282s
user	2m4.935s
sys	0m29.267s

real	1m46.764s
user	2m5.188s
sys	0m29.280s

real	1m45.030s
user	2m6.654s
sys	0m27.920s

real	1m45.244s
user	2m6.085s
sys	0m28.361s

real	1m44.827s
user	2m4.819s
sys	0m29.620s

real	1m45.073s
user	2m6.427s
sys	0m28.054s

real	1m47.149s
user	2m4.241s
sys	0m30.236s

real	1m45.093s
user	2m5.977s
sys	0m28.636s

real	1m45.217s
user	2m5.911s
sys	0m28.793s

real	1m45.366s
user	2m5.193s
sys	0m29.239s

real	1m47.396s
user	2m4.825s
sys	0m29.879s

real	1m45.197s
user	2m6.142s
sys	0m28.620s

real	1m45.168s
user	2m6.451s
sys	0m28.407s

real	1m45.145s
user	2m5.192s
sys	0m29.433s

real	1m47.292s
user	2m4.313s
sys	0m29.984s

real	1m45.095s
user	2m5.707s
sys	0m28.825s

real	1m45.114s
user	2m5.746s
sys	0m28.983s

real	1m45.172s
user	2m5.169s
sys	0m29.627s

real	1m47.462s
user	2m5.105s
sys	0m29.757s

real	1m45.017s
user	2m5.408s
sys	0m28.397s

real	1m46.531s
user	2m4.430s
sys	0m29.588s

real	1m45.536s
user	2m5.218s
sys	0m28.642s

real	1m45.328s
user	2m5.703s
sys	0m28.004s

real	1m45.372s
user	2m6.143s
sys	0m27.717s
Submitted batch job 476701
FINISHED at Sun Apr 3 15:52:55 CEST 2016
