STARTING AT Sun Apr 3 12:33:54 CEST 2016

real	1m3.721s
user	1m21.704s
sys	0m12.700s

real	0m58.370s
user	1m20.435s
sys	0m11.551s

real	0m58.638s
user	1m20.450s
sys	0m12.061s

real	0m59.129s
user	1m20.559s
sys	0m12.251s

real	0m59.887s
user	1m20.588s
sys	0m12.212s

real	0m59.012s
user	1m20.625s
sys	0m12.067s

real	0m58.981s
user	1m20.854s
sys	0m11.664s

real	0m59.059s
user	1m20.417s
sys	0m12.493s

real	0m58.185s
user	1m20.504s
sys	0m11.629s

real	1m1.035s
user	1m20.548s
sys	0m12.028s

real	0m58.672s
user	1m20.231s
sys	0m12.275s

real	0m58.958s
user	1m20.363s
sys	0m12.465s

real	0m58.334s
user	1m19.971s
sys	0m12.107s

real	0m58.791s
user	1m20.219s
sys	0m12.243s

real	0m59.158s
user	1m20.387s
sys	0m12.586s

real	0m59.210s
user	1m20.637s
sys	0m12.264s

real	0m58.968s
user	1m20.611s
sys	0m12.192s

real	0m59.179s
user	1m20.849s
sys	0m12.156s

real	1m0.297s
user	1m19.823s
sys	0m12.874s

real	0m58.391s
user	1m20.172s
sys	0m12.131s

real	0m59.448s
user	1m20.117s
sys	0m12.900s

real	0m59.215s
user	1m19.866s
sys	0m12.934s

real	0m59.948s
user	1m20.063s
sys	0m12.671s

real	0m59.031s
user	1m20.837s
sys	0m12.039s

real	0m58.928s
user	1m20.403s
sys	0m12.292s

real	0m59.003s
user	1m20.845s
sys	0m11.900s

real	0m58.565s
user	1m20.367s
sys	0m12.098s

real	1m1.392s
user	1m20.038s
sys	0m12.945s

real	0m58.533s
user	1m19.678s
sys	0m12.619s

real	0m58.664s
user	1m19.975s
sys	0m12.502s

real	0m58.426s
user	1m19.989s
sys	0m12.218s
Submitted batch job 476639
FINISHED at Sun Apr 3 13:04:31 CEST 2016
