STARTING AT Sun Apr 3 17:53:56 CEST 2016

real	2m2.705s
user	2m29.636s
sys	0m34.251s

real	2m2.736s
user	2m28.650s
sys	0m32.380s

real	2m2.754s
user	2m26.610s
sys	0m34.472s

real	2m2.838s
user	2m26.945s
sys	0m34.097s

real	2m3.020s
user	2m26.030s
sys	0m34.620s

real	2m4.183s
user	2m26.885s
sys	0m33.840s

real	2m2.809s
user	2m27.206s
sys	0m33.719s

real	2m2.666s
user	2m26.614s
sys	0m34.447s

real	2m2.779s
user	2m26.708s
sys	0m34.465s

real	2m2.760s
user	2m26.754s
sys	0m34.273s

real	2m2.871s
user	2m29.017s
sys	0m32.089s

real	2m2.691s
user	2m28.865s
sys	0m32.683s

real	2m2.784s
user	2m28.145s
sys	0m33.249s

real	2m3.213s
user	2m27.152s
sys	0m33.896s

real	2m2.768s
user	2m26.466s
sys	0m34.686s

real	2m2.701s
user	2m28.708s
sys	0m32.024s

real	2m2.637s
user	2m25.814s
sys	0m34.886s

real	2m2.831s
user	2m28.416s
sys	0m32.786s

real	2m2.808s
user	2m28.687s
sys	0m32.127s

real	2m4.724s
user	2m28.036s
sys	0m33.107s

real	2m2.725s
user	2m26.152s
sys	0m34.825s

real	2m2.883s
user	2m27.474s
sys	0m33.792s

real	2m2.942s
user	2m25.890s
sys	0m35.385s

real	2m2.797s
user	2m29.614s
sys	0m31.481s

real	2m2.610s
user	2m27.647s
sys	0m32.447s

real	2m2.788s
user	2m24.700s
sys	0m34.354s

real	2m2.739s
user	2m24.385s
sys	0m34.408s

real	2m2.477s
user	2m24.835s
sys	0m33.449s

real	2m2.684s
user	2m26.201s
sys	0m32.187s

real	2m3.056s
user	2m24.560s
sys	0m33.994s

real	2m2.708s
user	2m24.824s
sys	0m33.835s
Submitted batch job 476721
FINISHED at Sun Apr 3 18:57:25 CEST 2016
