STARTING AT Sun Apr 3 19:27:42 CEST 2016

real	0m43.897s
user	0m48.952s
sys	0m12.518s

real	0m43.088s
user	0m48.976s
sys	0m11.762s

real	0m43.309s
user	0m48.639s
sys	0m11.714s

real	0m43.259s
user	0m49.535s
sys	0m11.158s

real	0m43.308s
user	0m48.694s
sys	0m11.952s

real	0m43.237s
user	0m49.150s
sys	0m11.419s

real	0m43.343s
user	0m49.249s
sys	0m11.204s

real	0m43.221s
user	0m49.159s
sys	0m11.515s

real	0m43.296s
user	0m48.849s
sys	0m11.486s

real	0m43.324s
user	0m48.254s
sys	0m12.222s

real	0m43.161s
user	0m49.389s
sys	0m11.112s

real	0m43.238s
user	0m49.060s
sys	0m12.186s

real	0m43.498s
user	0m49.274s
sys	0m11.261s

real	0m43.337s
user	0m48.930s
sys	0m11.599s

real	0m43.206s
user	0m48.859s
sys	0m11.583s

real	0m43.889s
user	0m48.425s
sys	0m12.250s

real	0m43.637s
user	0m49.710s
sys	0m10.812s

real	0m43.168s
user	0m48.607s
sys	0m11.850s

real	0m43.274s
user	0m48.874s
sys	0m11.657s

real	0m43.208s
user	0m48.746s
sys	0m11.742s

real	0m43.396s
user	0m48.400s
sys	0m12.125s

real	0m42.825s
user	0m47.858s
sys	0m12.200s

real	0m43.288s
user	0m48.319s
sys	0m12.141s

real	0m43.439s
user	0m48.199s
sys	0m12.443s

real	0m43.440s
user	0m48.293s
sys	0m12.551s

real	0m43.163s
user	0m48.719s
sys	0m11.770s

real	0m43.329s
user	0m48.309s
sys	0m12.051s

real	0m43.249s
user	0m48.107s
sys	0m12.290s

real	0m43.457s
user	0m48.269s
sys	0m12.376s

real	0m43.206s
user	0m48.137s
sys	0m12.982s

real	0m43.278s
user	0m48.130s
sys	0m12.255s
Submitted batch job 476731
FINISHED at Sun Apr 3 19:50:05 CEST 2016
