STARTING AT Sun Apr 3 12:47:56 CEST 2016

real	0m59.113s
user	1m14.215s
sys	0m10.686s

real	0m57.070s
user	1m14.310s
sys	0m10.867s

real	0m56.644s
user	1m14.290s
sys	0m10.690s

real	0m56.815s
user	1m14.243s
sys	0m10.934s

real	0m56.876s
user	1m12.862s
sys	0m12.242s

real	0m57.087s
user	1m14.283s
sys	0m11.054s

real	0m57.366s
user	1m14.079s
sys	0m11.100s

real	0m57.183s
user	1m14.199s
sys	0m10.904s

real	0m58.749s
user	1m13.804s
sys	0m10.984s

real	0m57.055s
user	1m14.277s
sys	0m10.981s

real	0m56.920s
user	1m14.400s
sys	0m10.911s

real	0m57.033s
user	1m14.205s
sys	0m11.335s

real	0m57.069s
user	1m14.152s
sys	0m11.454s

real	0m57.083s
user	1m13.559s
sys	0m11.452s

real	0m57.060s
user	1m13.803s
sys	0m11.514s

real	0m57.123s
user	1m13.659s
sys	0m11.566s

real	0m59.309s
user	1m13.803s
sys	0m11.805s

real	0m57.007s
user	1m14.214s
sys	0m10.885s

real	0m57.105s
user	1m13.771s
sys	0m10.819s

real	0m56.942s
user	1m13.637s
sys	0m11.173s

real	0m56.745s
user	1m13.646s
sys	0m11.172s

real	0m57.396s
user	1m13.713s
sys	0m11.582s

real	0m56.996s
user	1m13.415s
sys	0m11.364s

real	0m57.928s
user	1m14.025s
sys	0m11.453s

real	0m57.848s
user	1m13.847s
sys	0m11.650s

real	0m59.623s
user	1m13.402s
sys	0m11.598s

real	0m57.394s
user	1m13.506s
sys	0m11.196s

real	0m57.684s
user	1m13.554s
sys	0m11.494s

real	0m57.788s
user	1m13.510s
sys	0m11.621s

real	1m0.537s
user	1m13.779s
sys	0m11.943s

real	0m57.820s
user	1m13.717s
sys	0m12.107s
Submitted batch job 476642
FINISHED at Sun Apr 3 13:17:41 CEST 2016
