STARTING AT Sun Apr 3 19:00:30 CEST 2016

real	1m45.271s
user	2m6.211s
sys	0m29.118s

real	1m45.069s
user	2m5.005s
sys	0m27.863s

real	1m45.532s
user	2m4.512s
sys	0m28.489s

real	1m45.357s
user	2m2.374s
sys	0m30.203s

real	1m45.309s
user	2m2.142s
sys	0m30.395s

real	1m45.087s
user	2m4.568s
sys	0m28.396s

real	1m44.989s
user	2m4.635s
sys	0m28.080s

real	1m45.440s
user	2m6.177s
sys	0m27.476s

real	1m45.699s
user	2m4.526s
sys	0m27.931s

real	1m45.681s
user	2m6.768s
sys	0m27.924s

real	1m46.293s
user	2m8.287s
sys	0m26.312s

real	1m46.135s
user	2m6.983s
sys	0m27.614s

real	1m45.586s
user	2m6.185s
sys	0m28.814s

real	1m45.699s
user	2m5.445s
sys	0m29.553s

real	1m48.381s
user	2m4.715s
sys	0m29.538s

real	1m45.509s
user	2m5.715s
sys	0m28.970s

real	1m45.957s
user	2m5.207s
sys	0m28.920s

real	1m45.728s
user	2m5.904s
sys	0m29.092s

real	1m46.951s
user	2m6.985s
sys	0m28.671s

real	1m45.613s
user	2m5.915s
sys	0m28.482s

real	1m49.933s
user	2m6.276s
sys	0m29.034s

real	1m47.009s
user	2m7.531s
sys	0m27.528s

real	1m46.755s
user	2m6.915s
sys	0m27.859s

real	1m46.815s
user	2m6.692s
sys	0m28.289s

real	1m46.688s
user	2m7.938s
sys	0m26.881s

real	1m48.641s
user	2m7.876s
sys	0m27.497s

real	1m47.562s
user	2m7.297s
sys	0m27.345s

real	1m45.564s
user	2m6.417s
sys	0m27.987s

real	1m45.861s
user	2m7.378s
sys	0m27.742s

real	1m45.783s
user	2m7.249s
sys	0m27.377s

real	1m47.523s
user	2m7.618s
sys	0m28.701s
Submitted batch job 476733
FINISHED at Sun Apr 3 19:55:24 CEST 2016
