STARTING AT Sun Apr 3 14:26:08 CEST 2016

real	0m50.083s
user	0m56.599s
sys	0m9.116s

real	0m44.620s
user	0m56.079s
sys	0m9.863s

real	0m42.555s
user	0m55.442s
sys	0m8.831s

real	0m44.932s
user	0m55.077s
sys	0m9.318s

real	0m42.665s
user	0m55.007s
sys	0m9.302s

real	0m42.660s
user	0m55.269s
sys	0m9.048s

real	0m43.441s
user	0m55.226s
sys	0m9.532s

real	0m43.376s
user	0m55.085s
sys	0m9.396s

real	0m42.885s
user	0m55.680s
sys	0m8.805s

real	0m43.787s
user	0m54.916s
sys	0m9.569s

real	0m43.509s
user	0m55.353s
sys	0m9.273s

real	0m42.606s
user	0m55.322s
sys	0m8.925s

real	0m43.542s
user	0m55.212s
sys	0m9.287s

real	0m43.401s
user	0m55.403s
sys	0m9.258s

real	0m42.547s
user	0m55.333s
sys	0m8.867s

real	0m43.523s
user	0m55.203s
sys	0m9.554s

real	0m43.789s
user	0m55.226s
sys	0m9.213s

real	0m42.647s
user	0m55.100s
sys	0m9.228s

real	0m43.780s
user	0m55.704s
sys	0m9.553s

real	0m43.538s
user	0m55.524s
sys	0m9.016s

real	0m42.303s
user	0m55.281s
sys	0m8.672s

real	0m42.670s
user	0m54.940s
sys	0m9.301s

real	0m44.020s
user	0m55.418s
sys	0m9.011s

real	0m42.609s
user	0m55.658s
sys	0m8.752s

real	0m43.495s
user	0m55.091s
sys	0m9.385s

real	0m43.428s
user	0m55.410s
sys	0m9.050s

real	0m42.642s
user	0m55.504s
sys	0m8.825s

real	0m43.685s
user	0m55.551s
sys	0m9.366s

real	0m43.688s
user	0m55.696s
sys	0m9.448s

real	0m42.550s
user	0m55.252s
sys	0m9.062s

real	0m43.699s
user	0m55.001s
sys	0m9.397s
Submitted batch job 476670
FINISHED at Sun Apr 3 14:48:37 CEST 2016
