STARTING AT Sun Apr 3 13:18:28 CEST 2016

real	0m24.165s
user	0m28.691s
sys	0m4.932s

real	0m24.335s
user	0m28.697s
sys	0m4.972s

real	0m24.182s
user	0m28.577s
sys	0m5.005s

real	0m24.224s
user	0m28.617s
sys	0m5.128s

real	0m24.168s
user	0m28.092s
sys	0m5.368s

real	0m24.176s
user	0m28.560s
sys	0m4.965s

real	0m24.160s
user	0m28.735s
sys	0m5.056s

real	0m24.224s
user	0m28.575s
sys	0m4.944s

real	0m24.134s
user	0m28.821s
sys	0m4.920s

real	0m23.735s
user	0m28.717s
sys	0m4.997s

real	0m22.448s
user	0m27.362s
sys	0m4.891s

real	0m23.261s
user	0m27.830s
sys	0m4.885s

real	0m23.753s
user	0m28.885s
sys	0m4.992s

real	0m25.787s
user	0m28.687s
sys	0m4.855s

real	0m26.058s
user	0m28.748s
sys	0m4.894s

real	0m28.765s
user	0m28.716s
sys	0m5.002s

real	0m25.580s
user	0m28.835s
sys	0m4.843s

real	0m24.306s
user	0m28.675s
sys	0m4.955s

real	0m25.615s
user	0m28.721s
sys	0m4.832s

real	0m25.392s
user	0m28.648s
sys	0m4.959s

real	0m25.404s
user	0m28.785s
sys	0m4.876s

real	0m25.383s
user	0m28.820s
sys	0m4.906s

real	0m25.447s
user	0m28.760s
sys	0m5.001s

real	0m25.235s
user	0m28.436s
sys	0m4.956s

real	0m25.326s
user	0m28.614s
sys	0m5.088s

real	0m24.840s
user	0m28.698s
sys	0m4.909s

real	0m25.467s
user	0m28.690s
sys	0m4.945s

real	0m25.364s
user	0m28.728s
sys	0m4.685s

real	0m25.554s
user	0m28.748s
sys	0m4.897s

real	0m24.884s
user	0m28.753s
sys	0m4.919s

real	0m25.432s
user	0m28.681s
sys	0m5.013s
Submitted batch job 476647
FINISHED at Sun Apr 3 13:31:19 CEST 2016
