STARTING AT Sun Apr 3 17:37:47 CEST 2016

real	1m24.859s
user	1m41.416s
sys	0m23.328s

real	1m23.541s
user	1m38.588s
sys	0m22.863s

real	1m24.164s
user	1m39.735s
sys	0m21.887s

real	1m23.489s
user	1m39.488s
sys	0m21.975s

real	1m24.711s
user	1m40.083s
sys	0m22.745s

real	1m24.597s
user	1m40.147s
sys	0m22.401s

real	1m25.020s
user	1m39.849s
sys	0m22.873s

real	1m23.556s
user	1m39.383s
sys	0m22.097s

real	1m24.689s
user	1m39.964s
sys	0m22.641s

real	1m24.746s
user	1m39.941s
sys	0m22.863s

real	1m23.549s
user	1m39.906s
sys	0m21.686s

real	1m23.850s
user	1m39.242s
sys	0m22.426s

real	1m23.901s
user	1m39.174s
sys	0m22.435s

real	1m23.476s
user	1m37.677s
sys	0m23.704s

real	1m23.601s
user	1m37.973s
sys	0m23.445s

real	1m23.616s
user	1m37.804s
sys	0m23.728s

real	1m23.654s
user	1m37.927s
sys	0m23.627s

real	1m23.860s
user	1m40.185s
sys	0m21.574s

real	1m23.886s
user	1m39.961s
sys	0m21.700s

real	1m23.767s
user	1m39.139s
sys	0m22.768s

real	1m23.596s
user	1m39.625s
sys	0m21.861s

real	1m23.408s
user	1m39.292s
sys	0m22.060s

real	1m23.621s
user	1m39.412s
sys	0m22.060s

real	1m23.559s
user	1m39.620s
sys	0m21.961s

real	1m23.472s
user	1m39.282s
sys	0m22.116s

real	1m23.903s
user	1m39.790s
sys	0m22.023s

real	1m23.812s
user	1m39.649s
sys	0m22.000s

real	1m23.602s
user	1m39.226s
sys	0m22.248s

real	1m24.714s
user	1m40.136s
sys	0m22.595s

real	1m23.597s
user	1m39.669s
sys	0m21.940s

real	1m23.963s
user	1m39.533s
sys	0m22.157s
Submitted batch job 476718
FINISHED at Sun Apr 3 18:21:09 CEST 2016
