STARTING AT Sun Apr 3 17:58:59 CEST 2016

real	2m3.568s
user	2m20.248s
sys	0m33.190s

real	2m3.607s
user	2m19.720s
sys	0m32.703s

real	2m2.265s
user	2m18.865s
sys	0m32.086s

real	2m2.169s
user	2m18.722s
sys	0m32.072s

real	2m4.102s
user	2m20.247s
sys	0m32.211s

real	2m3.491s
user	2m18.009s
sys	0m34.133s

real	2m2.336s
user	2m15.910s
sys	0m34.937s

real	2m3.621s
user	2m19.419s
sys	0m32.860s

real	2m3.686s
user	2m20.000s
sys	0m32.399s

real	2m4.135s
user	2m20.533s
sys	0m31.876s

real	2m2.365s
user	2m18.384s
sys	0m32.654s

real	2m2.542s
user	2m19.637s
sys	0m32.680s

real	2m3.867s
user	2m21.279s
sys	0m33.103s

real	2m3.872s
user	2m21.779s
sys	0m32.208s

real	2m1.983s
user	2m17.859s
sys	0m33.081s

real	2m1.742s
user	2m16.455s
sys	0m34.157s

real	2m3.711s
user	2m17.551s
sys	0m34.853s

real	2m3.856s
user	2m18.200s
sys	0m34.621s

real	2m3.410s
user	2m17.166s
sys	0m34.835s

real	2m3.436s
user	2m19.902s
sys	0m32.565s

real	2m3.614s
user	2m20.142s
sys	0m32.052s

real	2m2.276s
user	2m19.134s
sys	0m31.850s

real	2m3.783s
user	2m20.398s
sys	0m32.778s

real	2m3.814s
user	2m21.452s
sys	0m32.522s

real	2m3.592s
user	2m21.495s
sys	0m32.357s

real	2m3.477s
user	2m21.638s
sys	0m31.979s

real	2m3.516s
user	2m18.584s
sys	0m33.704s

real	2m2.076s
user	2m17.548s
sys	0m33.387s

real	2m3.682s
user	2m18.588s
sys	0m34.685s

real	2m4.033s
user	2m20.728s
sys	0m33.679s

real	2m3.765s
user	2m20.332s
sys	0m33.906s
Submitted batch job 476723
FINISHED at Sun Apr 3 19:02:40 CEST 2016
