STARTING AT Sun Apr 3 21:35:45 CEST 2016

real	0m47.445s
user	0m46.987s
sys	0m11.729s

real	0m42.542s
user	0m46.836s
sys	0m11.075s

real	0m42.529s
user	0m47.115s
sys	0m11.135s

real	0m42.679s
user	0m46.638s
sys	0m11.399s

real	0m42.675s
user	0m46.702s
sys	0m11.098s

real	0m42.644s
user	0m46.769s
sys	0m11.236s

real	0m42.735s
user	0m46.886s
sys	0m11.168s

real	0m42.868s
user	0m46.904s
sys	0m11.360s

real	0m42.805s
user	0m46.742s
sys	0m11.273s

real	0m42.761s
user	0m47.077s
sys	0m10.934s

real	0m42.571s
user	0m46.978s
sys	0m11.259s

real	0m42.865s
user	0m46.991s
sys	0m11.067s

real	0m43.097s
user	0m46.743s
sys	0m11.467s

real	0m42.764s
user	0m47.096s
sys	0m11.060s

real	0m42.941s
user	0m46.834s
sys	0m11.291s

real	0m42.708s
user	0m46.762s
sys	0m11.211s

real	0m42.851s
user	0m46.804s
sys	0m11.483s

real	0m42.669s
user	0m46.818s
sys	0m11.334s

real	0m42.712s
user	0m46.967s
sys	0m11.142s

real	0m42.580s
user	0m46.394s
sys	0m11.782s

real	0m43.042s
user	0m46.093s
sys	0m11.949s

real	0m43.416s
user	0m47.163s
sys	0m11.056s

real	0m43.354s
user	0m47.278s
sys	0m10.838s

real	0m43.455s
user	0m46.952s
sys	0m11.120s

real	0m42.776s
user	0m47.107s
sys	0m10.987s

real	0m42.869s
user	0m46.910s
sys	0m11.076s

real	0m43.161s
user	0m46.917s
sys	0m11.251s

real	0m43.206s
user	0m47.055s
sys	0m11.187s

real	0m43.181s
user	0m46.857s
sys	0m11.180s

real	0m43.127s
user	0m46.826s
sys	0m11.256s

real	0m42.971s
user	0m46.669s
sys	0m11.508s
Submitted batch job 476760
FINISHED at Sun Apr 3 21:57:59 CEST 2016
