STARTING AT Sun Apr 3 14:49:16 CEST 2016

real	2m3.461s
user	2m29.075s
sys	0m33.991s

real	2m5.060s
user	2m28.590s
sys	0m35.726s

real	2m3.323s
user	2m27.528s
sys	0m35.265s

real	2m3.683s
user	2m28.706s
sys	0m34.304s

real	2m3.462s
user	2m27.539s
sys	0m34.366s

real	2m3.545s
user	2m27.453s
sys	0m34.909s

real	2m4.993s
user	2m26.501s
sys	0m35.118s

real	2m4.469s
user	2m26.440s
sys	0m34.587s

real	2m5.547s
user	2m27.805s
sys	0m36.014s

real	2m5.488s
user	2m27.215s
sys	0m34.383s

real	2m4.942s
user	2m27.926s
sys	0m34.998s

real	2m4.209s
user	2m28.208s
sys	0m33.923s

real	2m2.594s
user	2m27.573s
sys	0m33.824s

real	2m2.527s
user	2m28.696s
sys	0m32.609s

real	2m2.166s
user	2m28.515s
sys	0m32.459s

real	2m2.683s
user	2m27.685s
sys	0m32.878s

real	2m3.811s
user	2m28.967s
sys	0m33.302s

real	2m2.423s
user	2m28.488s
sys	0m32.526s

real	2m2.571s
user	2m28.868s
sys	0m32.708s

real	2m3.995s
user	2m30.062s
sys	0m32.578s

real	2m2.725s
user	2m28.601s
sys	0m32.729s

real	2m2.578s
user	2m28.731s
sys	0m32.343s

real	2m3.750s
user	2m30.632s
sys	0m32.658s

real	2m3.234s
user	2m27.788s
sys	0m34.576s

real	2m3.900s
user	2m28.640s
sys	0m33.668s

real	2m2.689s
user	2m29.831s
sys	0m32.265s

real	2m3.134s
user	2m26.682s
sys	0m35.594s

real	2m2.771s
user	2m27.479s
sys	0m34.786s

real	2m3.738s
user	2m28.802s
sys	0m33.438s

real	2m3.116s
user	2m28.801s
sys	0m33.585s

real	2m3.187s
user	2m26.012s
sys	0m36.399s
Submitted batch job 476702
FINISHED at Sun Apr 3 15:53:06 CEST 2016
