STARTING AT Sun Apr 3 21:35:45 CEST 2016

real	0m42.864s
user	0m48.688s
sys	0m12.053s

real	0m42.508s
user	0m47.805s
sys	0m11.563s

real	0m42.226s
user	0m48.400s
sys	0m11.140s

real	0m42.564s
user	0m48.647s
sys	0m10.630s

real	0m42.546s
user	0m48.702s
sys	0m10.974s

real	0m42.479s
user	0m47.630s
sys	0m11.650s

real	0m42.289s
user	0m47.743s
sys	0m11.435s

real	0m42.549s
user	0m48.325s
sys	0m11.072s

real	0m42.447s
user	0m48.399s
sys	0m11.356s

real	0m42.668s
user	0m48.056s
sys	0m11.534s

real	0m42.423s
user	0m48.048s
sys	0m11.431s

real	0m42.335s
user	0m47.419s
sys	0m11.798s

real	0m42.627s
user	0m48.101s
sys	0m11.412s

real	0m42.591s
user	0m48.381s
sys	0m11.160s

real	0m42.654s
user	0m48.120s
sys	0m11.302s

real	0m43.104s
user	0m48.172s
sys	0m11.622s

real	0m42.326s
user	0m47.730s
sys	0m11.500s

real	0m42.475s
user	0m48.234s
sys	0m10.972s

real	0m42.489s
user	0m48.054s
sys	0m11.110s

real	0m42.658s
user	0m48.380s
sys	0m11.257s

real	0m42.885s
user	0m48.126s
sys	0m11.521s

real	0m43.080s
user	0m48.608s
sys	0m10.916s

real	0m42.867s
user	0m48.189s
sys	0m11.320s

real	0m42.694s
user	0m48.670s
sys	0m11.255s

real	0m43.046s
user	0m48.526s
sys	0m11.307s

real	0m42.813s
user	0m47.906s
sys	0m11.639s

real	0m43.313s
user	0m47.868s
sys	0m11.564s

real	0m42.971s
user	0m48.124s
sys	0m11.321s

real	0m42.910s
user	0m48.152s
sys	0m11.142s

real	0m42.993s
user	0m48.074s
sys	0m11.391s

real	0m42.546s
user	0m48.715s
sys	0m10.800s
Submitted batch job 476759
FINISHED at Sun Apr 3 21:57:48 CEST 2016
