STARTING AT Sun Apr 3 13:29:24 CEST 2016

real	1m8.277s
user	1m28.871s
sys	0m13.593s

real	1m7.319s
user	1m28.760s
sys	0m13.077s

real	1m8.070s
user	1m28.499s
sys	0m13.393s

real	1m8.672s
user	1m28.596s
sys	0m13.629s

real	1m7.990s
user	1m28.638s
sys	0m13.268s

real	1m8.094s
user	1m29.196s
sys	0m13.187s

real	1m7.507s
user	1m28.625s
sys	0m13.170s

real	1m7.634s
user	1m28.938s
sys	0m13.043s

real	1m8.245s
user	1m29.045s
sys	0m13.450s

real	1m8.023s
user	1m28.449s
sys	0m13.502s

real	1m7.352s
user	1m28.803s
sys	0m13.465s

real	1m8.054s
user	1m28.531s
sys	0m13.219s

real	1m8.713s
user	1m28.966s
sys	0m13.755s

real	1m8.219s
user	1m28.407s
sys	0m13.565s

real	1m8.043s
user	1m28.526s
sys	0m13.572s

real	1m7.412s
user	1m28.521s
sys	0m13.374s

real	1m8.229s
user	1m28.315s
sys	0m13.664s

real	1m8.449s
user	1m28.262s
sys	0m13.746s

real	1m8.150s
user	1m28.709s
sys	0m13.513s

real	1m8.451s
user	1m28.318s
sys	0m13.589s

real	1m7.129s
user	1m28.726s
sys	0m12.954s

real	1m8.541s
user	1m27.948s
sys	0m13.973s

real	1m8.358s
user	1m28.369s
sys	0m13.882s

real	1m8.097s
user	1m29.093s
sys	0m13.403s

real	1m8.888s
user	1m29.056s
sys	0m13.490s

real	1m7.694s
user	1m28.820s
sys	0m13.310s

real	1m8.370s
user	1m28.059s
sys	0m14.044s

real	1m8.192s
user	1m28.008s
sys	0m13.917s

real	1m8.038s
user	1m28.623s
sys	0m13.437s

real	1m7.429s
user	1m28.316s
sys	0m13.483s

real	1m8.343s
user	1m28.496s
sys	0m14.091s
Submitted batch job 476654
FINISHED at Sun Apr 3 14:04:34 CEST 2016
