STARTING AT Sun Apr 3 12:02:09 CEST 2016

real	1m22.392s
user	1m47.196s
sys	0m15.716s

real	1m16.612s
user	1m46.930s
sys	0m15.700s

real	1m17.877s
user	1m46.287s
sys	0m16.758s

real	1m17.175s
user	1m46.421s
sys	0m16.735s

real	1m16.367s
user	1m46.769s
sys	0m15.475s

real	1m16.820s
user	1m46.783s
sys	0m15.979s

real	1m17.101s
user	1m46.693s
sys	0m15.356s

real	1m16.835s
user	1m46.942s
sys	0m15.891s

real	1m17.237s
user	1m47.170s
sys	0m16.027s

real	1m19.020s
user	1m46.468s
sys	0m16.359s

real	1m16.320s
user	1m46.161s
sys	0m16.233s

real	1m17.075s
user	1m46.496s
sys	0m16.466s

real	1m17.580s
user	1m46.829s
sys	0m16.457s

real	1m17.431s
user	1m46.521s
sys	0m15.851s

real	1m17.178s
user	1m47.108s
sys	0m16.086s

real	1m16.245s
user	1m46.799s
sys	0m15.365s

real	1m16.799s
user	1m46.491s
sys	0m15.427s

real	1m15.966s
user	1m46.739s
sys	0m15.140s

real	1m19.367s
user	1m46.013s
sys	0m16.885s

real	1m16.126s
user	1m45.991s
sys	0m16.186s

real	1m16.917s
user	1m46.402s
sys	0m16.594s

real	1m18.517s
user	1m46.299s
sys	0m16.693s

real	1m16.027s
user	1m46.422s
sys	0m15.699s

real	1m16.133s
user	1m46.717s
sys	0m15.569s

real	1m16.455s
user	1m46.587s
sys	0m15.544s

real	1m16.964s
user	1m46.799s
sys	0m16.165s

real	1m16.385s
user	1m46.696s
sys	0m15.446s

real	1m16.106s
user	1m45.805s
sys	0m16.340s

real	1m16.527s
user	1m46.273s
sys	0m16.262s

real	1m17.376s
user	1m46.016s
sys	0m16.137s

real	1m17.145s
user	1m46.488s
sys	0m16.535s
Submitted batch job 476635
FINISHED at Sun Apr 3 12:42:01 CEST 2016
