STARTING AT Sun Apr 3 14:58:22 CEST 2016

real	1m45.572s
user	2m5.186s
sys	0m30.422s

real	1m45.364s
user	2m6.243s
sys	0m27.767s

real	1m45.663s
user	2m6.386s
sys	0m27.737s

real	1m45.265s
user	2m6.059s
sys	0m28.019s

real	1m45.804s
user	2m4.880s
sys	0m29.368s

real	1m44.295s
user	2m3.634s
sys	0m28.776s

real	1m45.446s
user	2m4.934s
sys	0m29.074s

real	1m44.337s
user	2m4.618s
sys	0m28.250s

real	1m44.223s
user	2m4.506s
sys	0m27.884s

real	1m44.353s
user	2m5.846s
sys	0m27.283s

real	1m45.087s
user	2m6.365s
sys	0m27.643s

real	1m44.183s
user	2m2.400s
sys	0m28.813s

real	1m43.983s
user	2m4.213s
sys	0m27.540s

real	1m43.776s
user	2m3.054s
sys	0m29.160s

real	1m44.939s
user	2m3.752s
sys	0m29.372s

real	1m45.094s
user	2m2.803s
sys	0m29.789s

real	1m44.998s
user	2m3.367s
sys	0m29.475s

real	1m44.786s
user	2m4.829s
sys	0m27.866s

real	1m45.044s
user	2m5.551s
sys	0m27.410s

real	1m43.924s
user	2m3.680s
sys	0m27.490s

real	1m45.035s
user	2m5.209s
sys	0m28.136s

real	1m45.014s
user	2m6.246s
sys	0m27.238s

real	1m45.153s
user	2m5.791s
sys	0m27.553s

real	1m45.262s
user	2m4.862s
sys	0m28.161s

real	1m46.222s
user	2m5.628s
sys	0m27.433s

real	1m45.673s
user	2m6.665s
sys	0m27.521s

real	1m45.220s
user	2m2.432s
sys	0m31.664s

real	1m45.454s
user	2m4.918s
sys	0m28.837s

real	1m45.804s
user	2m6.342s
sys	0m27.540s

real	1m44.322s
user	2m4.978s
sys	0m27.853s

real	1m45.033s
user	2m3.902s
sys	0m28.799s
Submitted batch job 476700
FINISHED at Sun Apr 3 15:52:37 CEST 2016
