STARTING AT Sun Apr 3 13:09:23 CEST 2016

real	0m25.251s
user	0m30.224s
sys	0m4.978s

real	0m25.306s
user	0m29.960s
sys	0m5.197s

real	0m25.542s
user	0m30.690s
sys	0m4.954s

real	0m25.622s
user	0m30.296s
sys	0m5.089s

real	0m25.146s
user	0m30.142s
sys	0m4.967s

real	0m25.227s
user	0m30.304s
sys	0m4.864s

real	0m25.237s
user	0m29.736s
sys	0m5.516s

real	0m25.196s
user	0m30.194s
sys	0m4.980s

real	0m26.753s
user	0m30.028s
sys	0m5.166s

real	0m25.150s
user	0m30.254s
sys	0m4.930s

real	0m25.232s
user	0m30.243s
sys	0m5.012s

real	0m25.158s
user	0m30.243s
sys	0m4.977s

real	0m25.246s
user	0m30.289s
sys	0m5.002s

real	0m25.220s
user	0m30.318s
sys	0m4.888s

real	0m27.144s
user	0m30.520s
sys	0m4.973s

real	0m25.561s
user	0m30.247s
sys	0m5.135s

real	0m25.090s
user	0m30.357s
sys	0m4.797s

real	0m25.343s
user	0m30.044s
sys	0m5.187s

real	0m25.149s
user	0m30.222s
sys	0m5.043s

real	0m24.672s
user	0m29.759s
sys	0m5.024s

real	0m24.169s
user	0m28.970s
sys	0m5.211s

real	0m25.141s
user	0m29.907s
sys	0m4.966s

real	0m25.195s
user	0m30.315s
sys	0m4.964s

real	0m25.295s
user	0m30.458s
sys	0m4.922s

real	0m25.308s
user	0m30.237s
sys	0m4.988s

real	0m25.316s
user	0m30.360s
sys	0m4.893s

real	0m25.200s
user	0m30.245s
sys	0m5.037s

real	0m25.224s
user	0m30.266s
sys	0m4.901s

real	0m25.368s
user	0m30.301s
sys	0m4.777s

real	0m26.653s
user	0m30.357s
sys	0m4.888s

real	0m28.906s
user	0m30.558s
sys	0m4.929s
Submitted batch job 476643
FINISHED at Sun Apr 3 13:22:33 CEST 2016
