STARTING AT Sun Apr 3 14:49:16 CEST 2016

real	1m46.366s
user	2m0.208s
sys	0m28.268s

real	1m44.564s
user	2m0.326s
sys	0m27.602s

real	1m43.333s
user	1m58.823s
sys	0m27.801s

real	1m43.351s
user	1m58.616s
sys	0m27.973s

real	1m43.503s
user	1m58.882s
sys	0m27.672s

real	1m44.581s
user	2m0.731s
sys	0m27.430s

real	1m43.263s
user	1m58.859s
sys	0m27.567s

real	1m43.447s
user	1m57.944s
sys	0m29.028s

real	1m43.714s
user	1m58.285s
sys	0m28.858s

real	1m43.286s
user	1m58.759s
sys	0m28.325s

real	1m43.597s
user	1m58.909s
sys	0m28.022s

real	1m44.556s
user	1m59.873s
sys	0m27.894s

real	1m43.380s
user	2m0.402s
sys	0m26.459s

real	1m43.440s
user	1m59.730s
sys	0m26.802s

real	1m43.679s
user	1m58.740s
sys	0m28.027s

real	1m43.530s
user	1m58.508s
sys	0m28.295s

real	1m43.444s
user	1m58.653s
sys	0m28.007s

real	1m44.656s
user	1m59.917s
sys	0m27.964s

real	1m43.502s
user	1m59.964s
sys	0m26.963s

real	1m43.494s
user	2m0.552s
sys	0m26.300s

real	1m43.669s
user	1m58.154s
sys	0m28.752s

real	1m44.703s
user	1m58.949s
sys	0m28.871s

real	1m43.568s
user	1m58.928s
sys	0m27.766s

real	1m43.446s
user	1m58.779s
sys	0m27.566s

real	1m43.467s
user	1m59.116s
sys	0m27.547s

real	1m43.492s
user	1m59.727s
sys	0m27.022s

real	1m43.333s
user	1m59.310s
sys	0m27.325s

real	1m44.581s
user	1m58.636s
sys	0m29.255s

real	1m44.734s
user	1m58.473s
sys	0m29.025s

real	1m44.526s
user	1m59.146s
sys	0m28.498s

real	1m43.531s
user	1m58.668s
sys	0m28.043s
Submitted batch job 476694
FINISHED at Sun Apr 3 15:42:56 CEST 2016
