STARTING AT Sun Apr 3 14:35:11 CEST 2016

real	1m3.580s
user	1m15.181s
sys	0m13.054s

real	0m56.542s
user	1m14.503s
sys	0m10.734s

real	0m56.922s
user	1m13.974s
sys	0m10.970s

real	0m56.300s
user	1m13.747s
sys	0m10.975s

real	0m55.800s
user	1m14.134s
sys	0m10.526s

real	0m56.081s
user	1m13.889s
sys	0m10.624s

real	0m58.441s
user	1m14.195s
sys	0m11.007s

real	0m55.918s
user	1m14.155s
sys	0m10.551s

real	0m55.954s
user	1m13.750s
sys	0m10.928s

real	0m58.062s
user	1m13.319s
sys	0m11.399s

real	0m56.149s
user	1m13.710s
sys	0m11.057s

real	0m55.998s
user	1m13.800s
sys	0m10.842s

real	0m58.243s
user	1m13.337s
sys	0m11.450s

real	0m56.066s
user	1m13.866s
sys	0m11.024s

real	0m56.105s
user	1m14.130s
sys	0m10.669s

real	0m58.151s
user	1m13.431s
sys	0m11.255s

real	0m55.984s
user	1m13.620s
sys	0m10.989s

real	0m56.160s
user	1m14.124s
sys	0m10.785s

real	0m58.165s
user	1m13.368s
sys	0m11.407s

real	0m55.799s
user	1m13.920s
sys	0m10.720s

real	0m57.067s
user	1m14.226s
sys	0m10.733s

real	0m58.583s
user	1m13.330s
sys	0m11.799s

real	0m56.170s
user	1m13.565s
sys	0m11.403s

real	0m55.890s
user	1m14.117s
sys	0m10.633s

real	0m58.621s
user	1m13.552s
sys	0m11.684s

real	0m56.277s
user	1m13.774s
sys	0m11.135s

real	0m55.952s
user	1m13.950s
sys	0m10.651s

real	0m58.030s
user	1m13.106s
sys	0m11.520s

real	0m56.121s
user	1m13.702s
sys	0m11.042s

real	0m56.039s
user	1m13.747s
sys	0m10.887s

real	0m58.228s
user	1m13.205s
sys	0m11.469s
Submitted batch job 476678
FINISHED at Sun Apr 3 15:04:39 CEST 2016
