STARTING AT Sun Apr 3 13:04:18 CEST 2016

real	0m50.227s
user	1m0.918s
sys	0m11.427s

real	0m47.659s
user	1m0.090s
sys	0m9.730s

real	0m47.977s
user	1m0.691s
sys	0m9.959s

real	0m47.105s
user	1m0.288s
sys	0m9.492s

real	0m47.073s
user	1m0.348s
sys	0m9.250s

real	0m48.314s
user	1m0.002s
sys	0m9.744s

real	0m47.894s
user	1m0.074s
sys	0m9.585s

real	0m47.189s
user	0m59.702s
sys	0m9.838s

real	0m47.870s
user	1m0.174s
sys	0m9.514s

real	0m47.849s
user	1m0.278s
sys	0m9.417s

real	0m47.196s
user	1m0.167s
sys	0m9.433s

real	0m50.132s
user	1m0.467s
sys	0m9.405s

real	0m47.644s
user	1m0.198s
sys	0m9.492s

real	0m47.844s
user	1m0.446s
sys	0m9.509s

real	0m48.022s
user	1m0.442s
sys	0m9.145s

real	0m48.083s
user	1m0.639s
sys	0m9.804s

real	0m47.638s
user	0m59.752s
sys	0m9.711s

real	0m47.158s
user	1m0.372s
sys	0m9.523s

real	0m47.714s
user	1m0.218s
sys	0m9.299s

real	0m47.393s
user	1m0.493s
sys	0m9.215s

real	0m47.646s
user	1m0.328s
sys	0m9.390s

real	0m47.486s
user	1m0.103s
sys	0m9.160s

real	0m46.814s
user	0m59.785s
sys	0m9.489s

real	0m46.258s
user	0m59.439s
sys	0m9.495s

real	0m46.973s
user	1m0.332s
sys	0m8.998s

real	0m47.875s
user	1m0.557s
sys	0m9.362s

real	0m47.265s
user	1m0.320s
sys	0m9.327s

real	0m47.043s
user	1m0.167s
sys	0m9.259s

real	0m47.177s
user	1m0.244s
sys	0m9.393s

real	0m47.842s
user	0m59.993s
sys	0m9.615s

real	0m47.054s
user	0m59.970s
sys	0m9.540s
Submitted batch job 476646
FINISHED at Sun Apr 3 13:28:56 CEST 2016
