STARTING AT Sun Apr 3 14:59:26 CEST 2016

real	0m43.283s
user	0m49.384s
sys	0m12.181s

real	0m45.278s
user	0m48.747s
sys	0m11.778s

real	0m42.626s
user	0m48.814s
sys	0m11.282s

real	0m43.164s
user	0m49.169s
sys	0m11.202s

real	0m42.773s
user	0m49.100s
sys	0m11.491s

real	0m45.340s
user	0m49.134s
sys	0m11.527s

real	0m44.569s
user	0m49.059s
sys	0m11.417s

real	0m42.914s
user	0m49.425s
sys	0m11.092s

real	0m42.963s
user	0m49.181s
sys	0m11.361s

real	0m45.168s
user	0m49.177s
sys	0m11.269s

real	0m45.000s
user	0m49.489s
sys	0m11.614s

real	0m42.911s
user	0m49.453s
sys	0m11.009s

real	0m42.932s
user	0m49.146s
sys	0m11.345s

real	0m44.887s
user	0m49.133s
sys	0m11.412s

real	0m45.075s
user	0m48.907s
sys	0m11.517s

real	0m42.932s
user	0m49.202s
sys	0m11.251s

real	0m45.291s
user	0m49.338s
sys	0m11.450s

real	0m42.984s
user	0m48.996s
sys	0m11.501s

real	0m44.219s
user	0m49.111s
sys	0m11.718s

real	0m42.398s
user	0m49.022s
sys	0m10.996s

real	0m42.918s
user	0m49.595s
sys	0m11.253s

real	0m44.995s
user	0m48.937s
sys	0m11.740s

real	0m45.112s
user	0m47.552s
sys	0m13.003s

real	0m42.910s
user	0m49.065s
sys	0m11.264s

real	0m44.959s
user	0m49.037s
sys	0m11.281s

real	0m42.950s
user	0m48.930s
sys	0m11.468s

real	0m44.896s
user	0m48.956s
sys	0m11.438s

real	0m42.860s
user	0m49.152s
sys	0m11.343s

real	0m42.863s
user	0m49.100s
sys	0m11.267s

real	0m44.823s
user	0m48.770s
sys	0m11.558s

real	0m43.086s
user	0m49.016s
sys	0m11.599s
Submitted batch job 476683
FINISHED at Sun Apr 3 15:22:05 CEST 2016
