STARTING AT Sun Apr 3 15:40:50 CEST 2016

real	2m42.171s
user	3m9.294s
sys	0m43.553s

real	2m44.546s
user	3m9.956s
sys	0m44.391s

real	2m45.341s
user	3m9.964s
sys	0m44.656s

real	2m44.987s
user	3m7.710s
sys	0m46.559s

real	2m44.809s
user	3m7.574s
sys	0m45.886s

real	2m44.409s
user	3m7.674s
sys	0m44.980s

real	2m44.634s
user	3m8.077s
sys	0m45.344s

real	2m44.309s
user	3m3.961s
sys	0m47.290s

real	2m44.664s
user	3m6.890s
sys	0m43.800s

real	2m44.501s
user	3m7.140s
sys	0m43.670s

real	2m44.338s
user	3m6.984s
sys	0m43.500s

real	2m44.636s
user	3m7.107s
sys	0m43.789s

real	2m44.235s
user	3m6.882s
sys	0m43.966s

real	2m44.955s
user	3m7.272s
sys	0m44.049s

real	2m45.453s
user	3m3.579s
sys	0m47.284s

real	2m44.120s
user	3m6.917s
sys	0m43.778s

real	2m44.754s
user	3m7.544s
sys	0m43.186s

real	2m45.034s
user	3m7.600s
sys	0m43.475s

real	2m44.639s
user	3m7.804s
sys	0m43.064s

real	2m44.215s
user	3m8.037s
sys	0m42.931s

real	2m44.256s
user	3m5.560s
sys	0m44.906s

real	2m44.704s
user	3m4.176s
sys	0m46.593s

real	2m44.683s
user	3m7.796s
sys	0m42.854s

real	2m44.275s
user	3m6.839s
sys	0m43.615s

real	2m42.215s
user	3m5.960s
sys	0m42.641s

real	2m44.194s
user	3m7.212s
sys	0m43.681s

real	2m44.380s
user	3m8.426s
sys	0m42.639s

real	2m44.520s
user	3m6.757s
sys	0m44.040s

real	2m43.916s
user	3m6.134s
sys	0m45.862s

real	2m44.467s
user	3m7.629s
sys	0m45.330s

real	2m44.284s
user	3m7.499s
sys	0m45.567s
Submitted batch job 476707
FINISHED at Sun Apr 3 17:05:47 CEST 2016
