STARTING AT Sun Apr 3 12:18:12 CEST 2016

real	1m32.667s
user	1m57.819s
sys	0m17.070s

real	1m28.962s
user	1m57.876s
sys	0m17.758s

real	1m29.438s
user	1m57.538s
sys	0m17.764s

real	1m29.215s
user	1m58.245s
sys	0m17.145s

real	1m29.190s
user	1m57.606s
sys	0m17.656s

real	1m28.888s
user	1m57.364s
sys	0m17.681s

real	1m29.040s
user	1m57.283s
sys	0m17.594s

real	1m28.924s
user	1m56.628s
sys	0m17.922s

real	1m29.220s
user	1m57.068s
sys	0m18.594s

real	1m28.693s
user	1m57.655s
sys	0m17.679s

real	1m29.075s
user	1m56.914s
sys	0m18.155s

real	1m29.151s
user	1m56.366s
sys	0m18.351s

real	1m29.115s
user	1m56.739s
sys	0m18.148s

real	1m28.999s
user	1m56.471s
sys	0m18.270s

real	1m29.223s
user	1m56.286s
sys	0m18.097s

real	1m28.215s
user	1m56.841s
sys	0m17.657s

real	1m28.709s
user	1m56.472s
sys	0m18.030s

real	1m29.777s
user	1m56.793s
sys	0m18.390s

real	1m28.760s
user	1m56.815s
sys	0m17.881s

real	1m28.259s
user	1m56.583s
sys	0m18.200s

real	1m30.926s
user	1m56.429s
sys	0m18.330s

real	1m28.579s
user	1m56.810s
sys	0m17.732s

real	1m28.704s
user	1m56.445s
sys	0m18.023s

real	1m27.664s
user	1m55.397s
sys	0m17.936s

real	1m29.940s
user	1m56.905s
sys	0m18.395s

real	1m28.786s
user	1m57.008s
sys	0m17.542s

real	1m29.522s
user	1m56.569s
sys	0m18.093s

real	1m28.950s
user	1m57.318s
sys	0m17.587s

real	1m30.281s
user	1m56.568s
sys	0m18.198s

real	1m28.656s
user	1m56.883s
sys	0m17.879s

real	1m29.231s
user	1m57.369s
sys	0m18.011s
Submitted batch job 476638
FINISHED at Sun Apr 3 13:04:17 CEST 2016
