STARTING AT Sun Apr 3 19:16:37 CEST 2016

real	1m44.642s
user	2m7.206s
sys	0m29.307s

real	1m45.420s
user	2m6.525s
sys	0m27.433s

real	1m44.514s
user	2m6.440s
sys	0m27.249s

real	1m44.306s
user	2m6.304s
sys	0m27.588s

real	1m45.881s
user	2m6.710s
sys	0m27.278s

real	1m44.448s
user	2m6.612s
sys	0m27.270s

real	1m44.526s
user	2m6.650s
sys	0m27.076s

real	1m44.331s
user	2m6.506s
sys	0m27.420s

real	1m44.358s
user	2m6.509s
sys	0m27.328s

real	1m44.406s
user	2m6.117s
sys	0m27.436s

real	1m44.650s
user	2m5.966s
sys	0m28.063s

real	1m44.395s
user	2m6.079s
sys	0m27.792s

real	1m47.051s
user	2m4.494s
sys	0m29.389s

real	1m46.705s
user	2m5.813s
sys	0m27.680s

real	1m46.857s
user	2m5.464s
sys	0m28.288s

real	1m46.674s
user	2m5.508s
sys	0m28.285s

real	1m48.672s
user	2m4.305s
sys	0m29.368s

real	1m46.734s
user	2m5.746s
sys	0m28.075s

real	1m44.407s
user	2m6.003s
sys	0m27.922s

real	1m46.425s
user	2m5.112s
sys	0m28.751s

real	1m44.535s
user	2m6.026s
sys	0m27.787s

real	1m44.560s
user	2m5.218s
sys	0m28.370s

real	1m44.545s
user	2m2.636s
sys	0m29.321s

real	1m44.204s
user	2m3.799s
sys	0m27.937s

real	1m44.434s
user	2m2.948s
sys	0m28.674s

real	1m44.174s
user	2m3.314s
sys	0m28.175s

real	1m44.505s
user	2m2.952s
sys	0m28.565s

real	1m44.742s
user	2m4.387s
sys	0m27.220s

real	1m44.577s
user	2m3.171s
sys	0m28.146s

real	1m44.748s
user	2m3.020s
sys	0m28.675s

real	1m44.400s
user	2m3.815s
sys	0m27.569s
Submitted batch job 476734
FINISHED at Sun Apr 3 20:10:56 CEST 2016
