discarding /ssoft/Anaconda/2.1.0-Python-2.7/RH6/gcc-4.4.7/x86_E5v2/gcc/bin from PATH
prepending /home/mohanty/.conda/envs/mohanty/bin to PATH
STARTING AT Sun Apr 3 15:29:43 CEST 2016
/ssoft/Anaconda/2.1.0-Python-2.7/RH6/gcc-4.4.7/x86_E5v2/gcc/lib/python2.7/site-packages/pandas/core/index.py:503: FutureWarning: scalar indexers for index type Int64Index should be integers and not floating point
  type(self).__name__),FutureWarning)
/ssoft/Anaconda/2.1.0-Python-2.7/RH6/gcc-4.4.7/x86_E5v2/gcc/lib/python2.7/site-packages/matplotlib/figure.py:1644: UserWarning: This figure includes Axes that are not compatible with tight_layout, so its results might be incorrect.
  warnings.warn("This figure includes Axes that are not "
436
872
1308
1744
2180
2616
3052
3488
3924
4360
4796
5232
5668
6104
6540
6976
7412
7848
8284
8720
9156
9592
10028
10464
10900
11336
11772
12208
12644
13080
13085
Writing all results as CSV in caffe.log.evaluation
FINISHED at Sun Apr 3 15:33:13 CEST 2016
