STARTING AT Sun Apr 3 14:14:00 CEST 2016

real	2m3.909s
user	2m29.902s
sys	0m34.696s

real	2m3.693s
user	2m29.463s
sys	0m32.399s

real	2m3.795s
user	2m29.475s
sys	0m32.633s

real	2m3.711s
user	2m29.620s
sys	0m32.601s

real	2m5.516s
user	2m29.623s
sys	0m32.555s

real	2m3.525s
user	2m29.754s
sys	0m32.320s

real	2m3.647s
user	2m27.377s
sys	0m34.912s

real	2m3.466s
user	2m29.167s
sys	0m32.818s

real	2m4.525s
user	2m29.113s
sys	0m32.918s

real	2m3.636s
user	2m29.985s
sys	0m32.143s

real	2m1.731s
user	2m25.488s
sys	0m34.493s

real	2m3.779s
user	2m29.067s
sys	0m32.920s

real	2m5.123s
user	2m29.779s
sys	0m32.378s

real	2m3.777s
user	2m29.454s
sys	0m32.662s

real	2m3.511s
user	2m27.285s
sys	0m34.959s

real	2m3.618s
user	2m29.063s
sys	0m32.895s

real	2m3.958s
user	2m28.985s
sys	0m32.753s

real	2m5.932s
user	2m27.235s
sys	0m35.018s

real	2m3.608s
user	2m27.965s
sys	0m34.069s

real	2m3.543s
user	2m29.028s
sys	0m33.077s

real	2m4.120s
user	2m29.744s
sys	0m32.541s

real	2m3.723s
user	2m25.807s
sys	0m35.136s

real	2m1.743s
user	2m26.978s
sys	0m33.817s

real	2m1.638s
user	2m26.390s
sys	0m33.951s

real	2m3.651s
user	2m27.969s
sys	0m34.278s

real	2m1.974s
user	2m28.136s
sys	0m32.459s

real	2m3.692s
user	2m29.764s
sys	0m32.438s

real	2m4.638s
user	2m28.649s
sys	0m33.440s

real	2m3.592s
user	2m28.363s
sys	0m33.457s

real	2m1.911s
user	2m26.957s
sys	0m33.713s

real	2m3.683s
user	2m27.385s
sys	0m34.764s
Submitted batch job 476681
FINISHED at Sun Apr 3 15:17:52 CEST 2016
