STARTING AT Sun Apr 3 17:49:53 CEST 2016

real	1m47.127s
user	1m59.604s
sys	0m29.085s

real	1m44.585s
user	1m58.505s
sys	0m27.631s

real	1m45.417s
user	2m0.328s
sys	0m27.755s

real	1m45.116s
user	2m0.737s
sys	0m27.573s

real	1m45.164s
user	1m59.631s
sys	0m28.110s

real	1m45.452s
user	2m0.695s
sys	0m27.814s

real	1m45.227s
user	2m1.222s
sys	0m27.598s

real	1m44.855s
user	2m0.539s
sys	0m27.448s

real	1m45.218s
user	1m58.733s
sys	0m29.029s

real	1m46.261s
user	2m0.363s
sys	0m29.499s

real	1m46.572s
user	2m0.607s
sys	0m29.563s

real	1m45.224s
user	1m59.928s
sys	0m28.260s

real	1m46.206s
user	2m1.543s
sys	0m28.219s

real	1m46.336s
user	2m0.871s
sys	0m28.415s

real	1m44.775s
user	1m58.790s
sys	0m29.198s

real	1m45.753s
user	1m59.309s
sys	0m29.567s

real	1m45.804s
user	1m58.950s
sys	0m30.458s

real	1m45.337s
user	1m59.836s
sys	0m29.680s

real	1m45.556s
user	2m0.190s
sys	0m28.584s

real	1m45.334s
user	2m0.612s
sys	0m28.779s

real	1m45.057s
user	2m0.548s
sys	0m27.425s

real	1m44.949s
user	2m0.554s
sys	0m28.015s

real	1m45.340s
user	1m59.763s
sys	0m29.629s

real	1m45.358s
user	1m58.977s
sys	0m29.328s

real	1m46.806s
user	2m1.289s
sys	0m28.757s

real	1m45.248s
user	1m59.827s
sys	0m28.453s

real	1m46.542s
user	2m1.504s
sys	0m28.204s

real	1m45.253s
user	2m1.755s
sys	0m27.238s

real	1m45.983s
user	2m1.807s
sys	0m27.817s

real	1m45.203s
user	1m58.015s
sys	0m30.355s

real	1m45.639s
user	1m59.496s
sys	0m29.807s
Submitted batch job 476719
FINISHED at Sun Apr 3 18:44:27 CEST 2016
