STARTING AT Sun Apr 3 13:09:22 CEST 2016

real	0m49.317s
user	1m0.518s
sys	0m10.278s

real	0m46.652s
user	0m59.342s
sys	0m9.075s

real	0m46.601s
user	0m59.370s
sys	0m9.119s

real	0m46.676s
user	0m59.119s
sys	0m9.020s

real	0m46.762s
user	0m59.409s
sys	0m8.852s

real	0m46.700s
user	0m59.492s
sys	0m8.928s

real	0m46.685s
user	0m59.258s
sys	0m9.008s

real	0m49.151s
user	0m59.429s
sys	0m9.415s

real	0m46.651s
user	0m59.365s
sys	0m8.887s

real	0m46.691s
user	0m59.484s
sys	0m9.064s

real	0m46.683s
user	0m59.447s
sys	0m8.939s

real	0m46.671s
user	0m59.320s
sys	0m9.000s

real	0m47.039s
user	0m59.473s
sys	0m9.178s

real	0m46.735s
user	0m59.097s
sys	0m9.315s

real	0m46.628s
user	0m59.181s
sys	0m9.194s

real	0m47.951s
user	0m59.393s
sys	0m9.460s

real	0m46.676s
user	0m59.302s
sys	0m9.153s

real	0m46.832s
user	0m59.569s
sys	0m9.177s

real	0m46.685s
user	0m59.141s
sys	0m9.244s

real	0m46.756s
user	0m59.523s
sys	0m9.356s

real	0m46.976s
user	0m59.297s
sys	0m9.571s

real	0m46.997s
user	0m59.123s
sys	0m9.848s

real	0m44.112s
user	0m56.592s
sys	0m9.824s

real	0m46.961s
user	0m58.623s
sys	0m9.897s

real	0m46.942s
user	1m0.570s
sys	0m8.997s

real	0m48.086s
user	0m59.255s
sys	0m9.543s

real	0m47.173s
user	0m59.156s
sys	0m9.109s

real	0m45.914s
user	0m59.260s
sys	0m8.933s

real	0m46.761s
user	0m59.133s
sys	0m9.436s

real	0m46.188s
user	0m59.452s
sys	0m8.732s

real	0m48.771s
user	0m58.859s
sys	0m9.416s
Submitted batch job 476648
FINISHED at Sun Apr 3 13:33:38 CEST 2016
