STARTING AT Sun Apr 3 15:00:25 CEST 2016

real	0m26.354s
user	0m30.440s
sys	0m5.602s

real	0m25.179s
user	0m30.366s
sys	0m4.842s

real	0m25.217s
user	0m30.341s
sys	0m4.957s

real	0m25.370s
user	0m30.254s
sys	0m5.035s

real	0m25.016s
user	0m30.033s
sys	0m4.976s

real	0m25.032s
user	0m30.127s
sys	0m4.978s

real	0m25.108s
user	0m30.103s
sys	0m5.050s

real	0m25.162s
user	0m30.255s
sys	0m4.903s

real	0m25.148s
user	0m30.273s
sys	0m4.884s

real	0m25.100s
user	0m30.282s
sys	0m4.882s

real	0m25.158s
user	0m30.271s
sys	0m4.871s

real	0m25.070s
user	0m30.116s
sys	0m4.898s

real	0m25.362s
user	0m30.599s
sys	0m4.966s

real	0m25.216s
user	0m30.118s
sys	0m4.906s

real	0m25.055s
user	0m30.225s
sys	0m4.791s

real	0m25.178s
user	0m30.354s
sys	0m5.043s

real	0m25.079s
user	0m30.243s
sys	0m4.947s

real	0m25.238s
user	0m30.333s
sys	0m5.050s

real	0m25.145s
user	0m29.992s
sys	0m5.028s

real	0m25.222s
user	0m30.055s
sys	0m5.128s

real	0m25.082s
user	0m30.005s
sys	0m4.946s

real	0m25.158s
user	0m30.121s
sys	0m5.007s

real	0m25.207s
user	0m30.322s
sys	0m5.111s

real	0m25.165s
user	0m30.299s
sys	0m4.984s

real	0m25.084s
user	0m30.352s
sys	0m4.969s

real	0m25.175s
user	0m30.177s
sys	0m4.845s

real	0m25.052s
user	0m30.086s
sys	0m4.857s

real	0m25.289s
user	0m30.320s
sys	0m5.027s

real	0m25.092s
user	0m30.041s
sys	0m5.110s

real	0m25.110s
user	0m30.220s
sys	0m4.902s

real	0m25.122s
user	0m30.299s
sys	0m5.015s
Submitted batch job 476680
FINISHED at Sun Apr 3 15:13:28 CEST 2016
