STARTING AT Sun Apr 3 15:01:28 CEST 2016

real	1m24.589s
user	1m35.184s
sys	0m22.553s

real	1m24.183s
user	1m36.120s
sys	0m21.393s

real	1m25.047s
user	1m35.898s
sys	0m23.054s

real	1m24.842s
user	1m36.589s
sys	0m22.458s

real	1m26.145s
user	1m33.757s
sys	0m24.360s

real	1m24.108s
user	1m34.282s
sys	0m23.409s

real	1m24.001s
user	1m34.751s
sys	0m23.053s

real	1m24.484s
user	1m35.204s
sys	0m22.175s

real	1m23.838s
user	1m35.747s
sys	0m21.919s

real	1m26.198s
user	1m33.832s
sys	0m24.037s

real	1m25.397s
user	1m35.017s
sys	0m23.697s

real	1m24.208s
user	1m34.764s
sys	0m22.897s

real	1m25.590s
user	1m35.623s
sys	0m22.172s

real	1m24.184s
user	1m36.708s
sys	0m21.479s

real	1m23.818s
user	1m35.670s
sys	0m22.350s

real	1m24.198s
user	1m34.600s
sys	0m23.216s

real	1m24.249s
user	1m34.839s
sys	0m22.901s

real	1m24.689s
user	1m35.478s
sys	0m22.308s

real	1m25.550s
user	1m35.391s
sys	0m22.311s

real	1m23.809s
user	1m35.875s
sys	0m22.179s

real	1m24.253s
user	1m34.718s
sys	0m23.078s

real	1m24.345s
user	1m34.631s
sys	0m23.229s

real	1m24.520s
user	1m35.619s
sys	0m21.878s

real	1m25.955s
user	1m35.624s
sys	0m22.145s

real	1m23.787s
user	1m35.949s
sys	0m21.932s

real	1m25.140s
user	1m35.250s
sys	0m23.327s

real	1m24.221s
user	1m34.934s
sys	0m22.922s

real	1m25.626s
user	1m35.918s
sys	0m22.064s

real	1m24.169s
user	1m35.893s
sys	0m21.682s

real	1m23.632s
user	1m35.693s
sys	0m22.343s

real	1m25.224s
user	1m35.308s
sys	0m23.458s
Submitted batch job 476696
FINISHED at Sun Apr 3 15:45:13 CEST 2016
