discarding /ssoft/Anaconda/2.1.0-Python-2.7/RH6/gcc-4.4.7/x86_E5v2/gcc/bin from PATH
prepending /home/mohanty/.conda/envs/mohanty/bin to PATH
STARTING AT Sun Apr 3 15:22:36 CEST 2016
/ssoft/Anaconda/2.1.0-Python-2.7/RH6/gcc-4.4.7/x86_E5v2/gcc/lib/python2.7/site-packages/pandas/core/index.py:503: FutureWarning: scalar indexers for index type Int64Index should be integers and not floating point
  type(self).__name__),FutureWarning)
/ssoft/Anaconda/2.1.0-Python-2.7/RH6/gcc-4.4.7/x86_E5v2/gcc/lib/python2.7/site-packages/matplotlib/figure.py:1644: UserWarning: This figure includes Axes that are not compatible with tight_layout, so its results might be incorrect.
  warnings.warn("This figure includes Axes that are not "
267
534
801
1068
1335
1602
1869
2136
2403
2670
2937
3204
3471
3738
4005
4272
4539
4806
5073
5340
5607
5874
6141
6408
6675
6942
7209
7476
7743
8010
8023
Writing all results as CSV in caffe.log.evaluation
FINISHED at Sun Apr 3 15:28:59 CEST 2016
