STARTING AT Sun Apr 3 14:00:53 CEST 2016

real	0m25.120s
user	0m29.995s
sys	0m4.920s

real	0m25.041s
user	0m30.203s
sys	0m4.914s

real	0m25.174s
user	0m30.362s
sys	0m5.051s

real	0m25.308s
user	0m30.235s
sys	0m4.989s

real	0m24.934s
user	0m30.046s
sys	0m4.957s

real	0m24.965s
user	0m30.064s
sys	0m4.977s

real	0m24.977s
user	0m30.190s
sys	0m4.970s

real	0m25.082s
user	0m30.096s
sys	0m4.892s

real	0m25.059s
user	0m30.148s
sys	0m5.102s

real	0m25.305s
user	0m30.200s
sys	0m5.176s

real	0m25.212s
user	0m30.462s
sys	0m4.923s

real	0m25.003s
user	0m30.151s
sys	0m4.960s

real	0m24.947s
user	0m30.167s
sys	0m5.005s

real	0m25.342s
user	0m29.975s
sys	0m4.936s

real	0m25.072s
user	0m30.141s
sys	0m4.979s

real	0m25.141s
user	0m29.985s
sys	0m5.125s

real	0m27.001s
user	0m30.448s
sys	0m4.860s

real	0m25.038s
user	0m30.285s
sys	0m4.963s

real	0m25.073s
user	0m30.226s
sys	0m4.860s

real	0m25.085s
user	0m30.386s
sys	0m4.867s

real	0m25.011s
user	0m30.089s
sys	0m4.915s

real	0m25.102s
user	0m30.381s
sys	0m4.924s

real	0m25.103s
user	0m30.216s
sys	0m5.108s

real	0m25.119s
user	0m30.392s
sys	0m4.880s

real	0m25.038s
user	0m30.095s
sys	0m5.024s

real	0m25.018s
user	0m30.212s
sys	0m4.845s

real	0m25.003s
user	0m29.994s
sys	0m4.906s

real	0m25.011s
user	0m30.223s
sys	0m4.868s

real	0m25.004s
user	0m30.180s
sys	0m5.014s

real	0m25.372s
user	0m30.359s
sys	0m4.858s

real	0m25.084s
user	0m30.158s
sys	0m4.959s
Submitted batch job 476657
FINISHED at Sun Apr 3 14:13:53 CEST 2016
