STARTING AT Sun Apr 3 14:35:11 CEST 2016

real	1m28.919s
user	1m42.005s
sys	0m23.161s

real	1m25.505s
user	1m40.361s
sys	0m22.703s

real	1m26.563s
user	1m40.832s
sys	0m22.494s

real	1m24.505s
user	1m40.738s
sys	0m22.175s

real	1m26.629s
user	1m41.292s
sys	0m21.892s

real	1m25.960s
user	1m40.174s
sys	0m22.696s

real	1m24.375s
user	1m40.285s
sys	0m22.683s

real	1m25.825s
user	1m39.082s
sys	0m23.749s

real	1m24.767s
user	1m40.481s
sys	0m22.869s

real	1m25.676s
user	1m39.551s
sys	0m23.808s

real	1m24.309s
user	1m39.759s
sys	0m22.705s

real	1m25.951s
user	1m39.121s
sys	0m23.645s

real	1m24.385s
user	1m40.201s
sys	0m22.503s

real	1m26.738s
user	1m39.553s
sys	0m23.617s

real	1m24.581s
user	1m40.402s
sys	0m23.066s

real	1m25.981s
user	1m39.649s
sys	0m23.157s

real	1m24.511s
user	1m40.166s
sys	0m23.190s

real	1m26.369s
user	1m39.381s
sys	0m23.236s

real	1m24.294s
user	1m40.338s
sys	0m22.663s

real	1m25.842s
user	1m40.236s
sys	0m23.145s

real	1m23.849s
user	1m37.185s
sys	0m24.925s

real	1m23.831s
user	1m38.331s
sys	0m23.538s

real	1m23.888s
user	1m40.137s
sys	0m21.985s

real	1m23.840s
user	1m38.403s
sys	0m24.141s

real	1m23.889s
user	1m38.082s
sys	0m23.577s

real	1m23.783s
user	1m39.822s
sys	0m22.197s

real	1m23.738s
user	1m39.776s
sys	0m22.581s

real	1m23.767s
user	1m40.157s
sys	0m21.948s

real	1m23.988s
user	1m39.789s
sys	0m21.654s

real	1m23.793s
user	1m39.872s
sys	0m21.854s

real	1m23.840s
user	1m40.050s
sys	0m21.980s
Submitted batch job 476682
FINISHED at Sun Apr 3 15:19:05 CEST 2016
