STARTING AT Sun Apr 3 15:52:54 CEST 2016

real	2m45.230s
user	3m20.000s
sys	0m45.875s

real	2m42.950s
user	3m15.233s
sys	0m45.789s

real	2m43.220s
user	3m16.640s
sys	0m43.525s

real	2m42.956s
user	3m15.772s
sys	0m43.166s

real	2m42.880s
user	3m15.412s
sys	0m43.332s

real	2m45.103s
user	3m17.369s
sys	0m43.691s

real	2m43.212s
user	3m16.362s
sys	0m42.516s

real	2m42.684s
user	3m14.911s
sys	0m43.650s

real	2m42.387s
user	3m12.438s
sys	0m45.932s

real	2m42.504s
user	3m15.764s
sys	0m42.734s

real	2m43.108s
user	3m15.343s
sys	0m43.583s

real	2m42.772s
user	3m15.727s
sys	0m42.885s

real	2m43.140s
user	3m16.323s
sys	0m42.347s

real	2m42.831s
user	3m16.596s
sys	0m42.124s

real	2m42.807s
user	3m15.097s
sys	0m43.563s

real	2m42.498s
user	3m13.068s
sys	0m45.383s

real	2m43.113s
user	3m15.837s
sys	0m42.682s

real	2m42.472s
user	3m15.228s
sys	0m43.021s

real	2m43.330s
user	3m15.048s
sys	0m43.612s

real	2m42.788s
user	3m14.749s
sys	0m43.611s

real	2m43.198s
user	3m15.235s
sys	0m43.877s

real	2m42.442s
user	3m14.045s
sys	0m44.091s

real	2m42.871s
user	3m15.151s
sys	0m43.224s

real	2m45.427s
user	3m17.588s
sys	0m43.491s

real	2m43.268s
user	3m16.468s
sys	0m42.749s

real	2m43.213s
user	3m17.697s
sys	0m43.440s

real	2m42.906s
user	3m17.463s
sys	0m43.560s

real	2m43.135s
user	3m19.241s
sys	0m42.183s

real	2m42.469s
user	3m14.482s
sys	0m44.724s

real	2m43.110s
user	3m11.313s
sys	0m46.984s

real	2m42.348s
user	3m14.717s
sys	0m42.990s
Submitted batch job 476708
FINISHED at Sun Apr 3 17:17:11 CEST 2016
