discarding /ssoft/Anaconda/2.1.0-Python-2.7/RH6/gcc-4.4.7/x86_E5v2/gcc/bin from PATH
prepending /home/mohanty/.conda/envs/mohanty/bin to PATH
STARTING AT Sun Apr 3 16:58:28 CEST 2016
/ssoft/Anaconda/2.1.0-Python-2.7/RH6/gcc-4.4.7/x86_E5v2/gcc/lib/python2.7/site-packages/sklearn/metrics/metrics.py:1771: UndefinedMetricWarning: Precision and F-score are ill-defined and being set to 0.0 in labels with no predicted samples.
  'precision', 'predicted', average, warn_for)
/ssoft/Anaconda/2.1.0-Python-2.7/RH6/gcc-4.4.7/x86_E5v2/gcc/lib/python2.7/site-packages/pandas/core/index.py:503: FutureWarning: scalar indexers for index type Int64Index should be integers and not floating point
  type(self).__name__),FutureWarning)
/ssoft/Anaconda/2.1.0-Python-2.7/RH6/gcc-4.4.7/x86_E5v2/gcc/lib/python2.7/site-packages/matplotlib/figure.py:1644: UserWarning: This figure includes Axes that are not compatible with tight_layout, so its results might be incorrect.
  warnings.warn("This figure includes Axes that are not "
906
1812
2718
3624
4530
5436
6342
7248
8154
9060
9966
10872
11778
12684
13590
14496
15402
16308
17214
18120
19026
19932
20838
21744
22650
23556
24462
25368
26274
27180
27187
Writing all results as CSV in caffe.log.evaluation
FINISHED at Sun Apr 3 17:05:52 CEST 2016
