STARTING AT Sun Apr 3 13:05:06 CEST 2016

real	0m43.569s
user	0m55.531s
sys	0m9.624s

real	0m41.920s
user	0m55.036s
sys	0m8.602s

real	0m41.513s
user	0m55.051s
sys	0m8.661s

real	0m44.048s
user	0m54.982s
sys	0m8.764s

real	0m40.902s
user	0m54.326s
sys	0m8.711s

real	0m40.067s
user	0m53.210s
sys	0m8.750s

real	0m44.488s
user	0m55.961s
sys	0m8.742s

real	0m41.880s
user	0m55.016s
sys	0m8.802s

real	0m41.609s
user	0m54.990s
sys	0m8.562s

real	0m41.573s
user	0m55.057s
sys	0m8.602s

real	0m41.606s
user	0m55.157s
sys	0m8.605s

real	0m41.615s
user	0m55.219s
sys	0m8.589s

real	0m41.708s
user	0m55.120s
sys	0m8.550s

real	0m41.914s
user	0m55.224s
sys	0m8.674s

real	0m41.873s
user	0m54.919s
sys	0m8.931s

real	0m43.299s
user	0m54.936s
sys	0m8.748s

real	0m41.633s
user	0m55.116s
sys	0m8.751s

real	0m41.569s
user	0m54.819s
sys	0m8.802s

real	0m41.608s
user	0m54.993s
sys	0m8.658s

real	0m41.621s
user	0m55.183s
sys	0m8.626s

real	0m41.985s
user	0m54.957s
sys	0m8.801s

real	0m41.751s
user	0m55.116s
sys	0m8.567s

real	0m41.386s
user	0m54.755s
sys	0m8.692s

real	0m41.615s
user	0m54.990s
sys	0m8.605s

real	0m42.555s
user	0m54.494s
sys	0m9.328s

real	0m41.859s
user	0m54.557s
sys	0m9.217s

real	0m41.740s
user	0m54.451s
sys	0m9.279s

real	0m41.610s
user	0m54.580s
sys	0m9.111s

real	0m41.909s
user	0m54.762s
sys	0m8.986s

real	0m41.643s
user	0m54.810s
sys	0m8.726s

real	0m41.743s
user	0m54.970s
sys	0m8.700s
Submitted batch job 476645
FINISHED at Sun Apr 3 13:26:46 CEST 2016
