STARTING AT Sun Apr 3 15:37:49 CEST 2016

real	0m42.819s
user	0m49.375s
sys	0m11.587s

real	0m42.329s
user	0m48.443s
sys	0m11.350s

real	0m42.280s
user	0m48.541s
sys	0m11.226s

real	0m42.104s
user	0m48.637s
sys	0m11.260s

real	0m42.196s
user	0m48.849s
sys	0m11.292s

real	0m42.234s
user	0m48.752s
sys	0m11.212s

real	0m42.327s
user	0m48.296s
sys	0m11.051s

real	0m42.505s
user	0m48.800s
sys	0m11.157s

real	0m42.364s
user	0m48.760s
sys	0m11.310s

real	0m42.344s
user	0m49.137s
sys	0m10.828s

real	0m42.223s
user	0m48.809s
sys	0m11.333s

real	0m42.289s
user	0m48.568s
sys	0m11.358s

real	0m42.756s
user	0m48.280s
sys	0m11.592s

real	0m42.682s
user	0m48.780s
sys	0m11.093s

real	0m42.716s
user	0m48.819s
sys	0m11.027s

real	0m42.616s
user	0m48.568s
sys	0m11.410s

real	0m42.886s
user	0m48.516s
sys	0m11.154s

real	0m42.912s
user	0m48.322s
sys	0m11.368s

real	0m43.078s
user	0m48.685s
sys	0m11.159s

real	0m43.135s
user	0m48.786s
sys	0m11.109s

real	0m42.664s
user	0m48.542s
sys	0m11.096s

real	0m42.810s
user	0m48.755s
sys	0m11.239s

real	0m42.357s
user	0m48.811s
sys	0m10.963s

real	0m42.220s
user	0m48.708s
sys	0m11.117s

real	0m42.301s
user	0m48.891s
sys	0m11.159s

real	0m42.186s
user	0m48.379s
sys	0m11.355s

real	0m42.445s
user	0m48.719s
sys	0m11.049s

real	0m42.140s
user	0m48.849s
sys	0m10.992s

real	0m42.357s
user	0m47.851s
sys	0m11.293s

real	0m42.699s
user	0m48.361s
sys	0m11.113s

real	0m42.430s
user	0m48.634s
sys	0m10.714s
Submitted batch job 476704
FINISHED at Sun Apr 3 15:59:47 CEST 2016
