STARTING AT Sun Apr 3 18:46:22 CEST 2016

real	1m24.788s
user	1m36.163s
sys	0m23.458s

real	1m23.608s
user	1m34.492s
sys	0m22.483s

real	1m23.418s
user	1m35.066s
sys	0m21.783s

real	1m23.652s
user	1m35.110s
sys	0m21.757s

real	1m23.320s
user	1m35.162s
sys	0m21.556s

real	1m23.569s
user	1m33.941s
sys	0m22.925s

real	1m23.843s
user	1m34.952s
sys	0m21.801s

real	1m24.637s
user	1m34.598s
sys	0m23.442s

real	1m23.501s
user	1m34.483s
sys	0m22.337s

real	1m24.550s
user	1m35.578s
sys	0m22.140s

real	1m24.565s
user	1m35.629s
sys	0m22.341s

real	1m23.345s
user	1m35.129s
sys	0m21.647s

real	1m23.100s
user	1m35.047s
sys	0m21.711s

real	1m23.394s
user	1m35.234s
sys	0m21.450s

real	1m24.526s
user	1m35.699s
sys	0m22.191s

real	1m23.626s
user	1m34.659s
sys	0m22.347s

real	1m23.641s
user	1m33.127s
sys	0m23.551s

real	1m23.473s
user	1m34.741s
sys	0m22.224s

real	1m23.393s
user	1m35.452s
sys	0m21.273s

real	1m23.578s
user	1m35.279s
sys	0m21.592s

real	1m23.381s
user	1m34.908s
sys	0m21.806s

real	1m24.690s
user	1m35.707s
sys	0m22.269s

real	1m23.408s
user	1m35.355s
sys	0m21.308s

real	1m29.968s
user	1m35.792s
sys	0m22.305s

real	1m23.581s
user	1m34.281s
sys	0m22.660s

real	1m23.251s
user	1m34.731s
sys	0m22.003s

real	1m23.434s
user	1m34.787s
sys	0m21.923s

real	1m23.536s
user	1m35.114s
sys	0m21.608s

real	1m24.778s
user	1m36.105s
sys	0m21.986s

real	1m23.504s
user	1m34.810s
sys	0m22.212s

real	1m23.362s
user	1m34.519s
sys	0m22.242s
Submitted batch job 476728
FINISHED at Sun Apr 3 19:29:45 CEST 2016
