STARTING AT Sun Apr 3 15:53:55 CEST 2016

real	2m5.309s
user	2m29.847s
sys	0m38.056s

real	2m3.446s
user	2m29.228s
sys	0m33.702s

real	2m3.938s
user	2m29.480s
sys	0m34.163s

real	2m3.516s
user	2m30.938s
sys	0m32.985s

real	2m3.889s
user	2m27.865s
sys	0m35.544s

real	2m3.829s
user	2m28.922s
sys	0m34.353s

real	2m3.601s
user	2m30.012s
sys	0m33.601s

real	2m3.478s
user	2m29.685s
sys	0m33.650s

real	2m3.686s
user	2m30.444s
sys	0m33.604s

real	2m3.848s
user	2m29.149s
sys	0m34.459s

real	2m4.081s
user	2m29.720s
sys	0m33.836s

real	2m3.315s
user	2m30.807s
sys	0m32.832s

real	2m4.088s
user	2m28.278s
sys	0m35.671s

real	2m3.520s
user	2m29.213s
sys	0m34.390s

real	2m3.739s
user	2m28.857s
sys	0m34.283s

real	2m3.549s
user	2m30.002s
sys	0m33.900s

real	2m3.657s
user	2m28.016s
sys	0m35.627s

real	2m3.775s
user	2m29.833s
sys	0m33.400s

real	2m3.918s
user	2m30.176s
sys	0m33.279s

real	2m3.654s
user	2m30.494s
sys	0m33.234s

real	2m3.647s
user	2m28.049s
sys	0m36.024s

real	2m3.803s
user	2m28.733s
sys	0m34.536s

real	2m3.859s
user	2m29.857s
sys	0m33.873s

real	2m3.527s
user	2m31.334s
sys	0m32.079s

real	2m3.631s
user	2m27.984s
sys	0m35.218s

real	2m3.899s
user	2m28.942s
sys	0m34.928s

real	2m3.823s
user	2m29.428s
sys	0m33.712s

real	2m3.378s
user	2m29.682s
sys	0m33.795s

real	2m3.467s
user	2m27.811s
sys	0m35.802s

real	2m3.951s
user	2m29.144s
sys	0m34.419s

real	2m5.086s
user	2m30.941s
sys	0m33.947s
Submitted batch job 476705
FINISHED at Sun Apr 3 16:57:54 CEST 2016
