STARTING AT Sun Apr 3 14:07:55 CEST 2016

real	0m50.278s
user	1m8.044s
sys	0m10.596s

real	0m50.163s
user	1m7.996s
sys	0m10.508s

real	0m50.482s
user	1m8.068s
sys	0m10.627s

real	0m50.637s
user	1m8.452s
sys	0m10.547s

real	0m50.204s
user	1m7.960s
sys	0m10.386s

real	0m50.520s
user	1m8.240s
sys	0m10.620s

real	0m50.204s
user	1m8.164s
sys	0m10.472s

real	0m50.510s
user	1m8.140s
sys	0m10.640s

real	0m49.877s
user	1m7.878s
sys	0m10.307s

real	0m50.453s
user	1m8.172s
sys	0m10.464s

real	0m50.039s
user	1m7.987s
sys	0m10.336s

real	0m49.971s
user	1m7.891s
sys	0m10.264s

real	0m50.082s
user	1m8.325s
sys	0m10.173s

real	0m50.704s
user	1m8.243s
sys	0m10.662s

real	0m49.977s
user	1m8.161s
sys	0m10.044s

real	0m50.448s
user	1m8.043s
sys	0m10.632s

real	0m50.646s
user	1m8.084s
sys	0m10.890s

real	0m50.099s
user	1m7.999s
sys	0m10.389s

real	0m50.210s
user	1m8.217s
sys	0m9.997s

real	0m50.479s
user	1m7.918s
sys	0m10.776s

real	0m50.211s
user	1m7.919s
sys	0m10.323s

real	0m50.783s
user	1m8.681s
sys	0m10.374s

real	0m50.588s
user	1m7.904s
sys	0m10.918s

real	0m52.571s
user	1m8.444s
sys	0m10.242s

real	0m50.463s
user	1m7.914s
sys	0m10.744s

real	0m49.966s
user	1m8.224s
sys	0m10.175s

real	0m50.810s
user	1m8.423s
sys	0m10.703s

real	0m50.426s
user	1m8.357s
sys	0m10.483s

real	0m49.751s
user	1m8.059s
sys	0m10.028s

real	0m50.487s
user	1m8.061s
sys	0m10.651s

real	0m50.439s
user	1m8.427s
sys	0m10.425s
Submitted batch job 476660
FINISHED at Sun Apr 3 14:33:57 CEST 2016
