STARTING AT Sun Apr 3 15:34:46 CEST 2016

real	2m44.147s
user	3m21.017s
sys	0m46.029s

real	2m44.084s
user	3m18.509s
sys	0m44.532s

real	2m46.136s
user	3m19.002s
sys	0m46.599s

real	2m43.722s
user	3m18.616s
sys	0m44.637s

real	2m43.959s
user	3m17.858s
sys	0m45.542s

real	2m47.931s
user	3m19.120s
sys	0m46.454s

real	2m44.552s
user	3m17.758s
sys	0m44.309s

real	2m46.162s
user	3m21.533s
sys	0m44.781s

real	2m46.084s
user	3m19.501s
sys	0m45.785s

real	2m46.113s
user	3m19.530s
sys	0m45.848s

real	2m44.036s
user	3m19.367s
sys	0m43.720s

real	2m46.151s
user	3m19.462s
sys	0m45.881s

real	2m45.821s
user	3m18.189s
sys	0m46.786s

real	2m44.875s
user	3m19.447s
sys	0m43.772s

real	2m43.732s
user	3m18.506s
sys	0m44.428s

real	2m45.951s
user	3m18.646s
sys	0m46.459s

real	2m46.223s
user	3m20.746s
sys	0m44.433s

real	2m45.966s
user	3m19.300s
sys	0m45.886s

real	2m46.742s
user	3m18.776s
sys	0m46.211s

real	2m46.009s
user	3m20.003s
sys	0m45.099s

real	2m43.885s
user	3m17.877s
sys	0m45.033s

real	2m46.028s
user	3m18.984s
sys	0m46.142s

real	2m43.713s
user	3m18.323s
sys	0m44.634s

real	2m43.764s
user	3m18.537s
sys	0m44.531s

real	2m46.701s
user	3m18.805s
sys	0m46.582s

real	2m46.035s
user	3m20.531s
sys	0m44.843s

real	2m46.034s
user	3m19.853s
sys	0m45.226s

real	2m44.008s
user	3m17.431s
sys	0m45.621s

real	2m43.630s
user	3m19.120s
sys	0m43.866s

real	2m46.379s
user	3m20.583s
sys	0m44.942s

real	2m43.623s
user	3m15.077s
sys	0m44.693s
Submitted batch job 476706
FINISHED at Sun Apr 3 17:00:08 CEST 2016
