STARTING AT Sun Apr 3 12:02:09 CEST 2016

real	1m32.078s
user	1m56.192s
sys	0m16.627s

real	1m26.726s
user	1m55.538s
sys	0m16.928s

real	1m26.511s
user	1m55.909s
sys	0m16.609s

real	1m26.600s
user	1m55.283s
sys	0m17.181s

real	1m26.478s
user	1m55.281s
sys	0m16.946s

real	1m26.904s
user	1m55.557s
sys	0m17.174s

real	1m26.492s
user	1m55.847s
sys	0m17.501s

real	1m29.164s
user	1m55.406s
sys	0m17.785s

real	1m26.923s
user	1m56.044s
sys	0m16.604s

real	1m26.445s
user	1m55.635s
sys	0m16.482s

real	1m26.417s
user	1m55.926s
sys	0m16.463s

real	1m26.856s
user	1m55.574s
sys	0m17.358s

real	1m27.165s
user	1m55.644s
sys	0m17.252s

real	1m26.848s
user	1m55.589s
sys	0m17.131s

real	1m26.957s
user	1m54.700s
sys	0m17.257s

real	1m27.927s
user	1m54.622s
sys	0m17.114s

real	1m26.415s
user	1m55.604s
sys	0m16.436s

real	1m26.647s
user	1m56.004s
sys	0m16.746s

real	1m26.687s
user	1m55.517s
sys	0m17.194s

real	1m26.569s
user	1m53.043s
sys	0m19.492s

real	1m26.551s
user	1m55.636s
sys	0m16.809s

real	1m26.373s
user	1m55.278s
sys	0m17.169s

real	1m26.766s
user	1m54.922s
sys	0m17.625s

real	1m28.784s
user	1m54.611s
sys	0m17.451s

real	1m27.061s
user	1m56.048s
sys	0m16.657s

real	1m27.001s
user	1m55.503s
sys	0m16.562s

real	1m26.466s
user	1m55.099s
sys	0m17.049s

real	1m23.369s
user	1m52.923s
sys	0m16.379s

real	1m26.721s
user	1m54.693s
sys	0m16.571s

real	1m27.933s
user	1m56.068s
sys	0m17.357s

real	1m26.711s
user	1m55.765s
sys	0m16.882s
Submitted batch job 476636
FINISHED at Sun Apr 3 12:47:07 CEST 2016
