STARTING AT Sun Apr 3 13:34:26 CEST 2016

real	2m46.210s
user	3m19.102s
sys	0m46.363s

real	2m46.175s
user	3m19.688s
sys	0m46.122s

real	2m48.160s
user	3m20.222s
sys	0m47.589s

real	2m45.902s
user	3m18.434s
sys	0m46.852s

real	2m46.401s
user	3m18.601s
sys	0m47.327s

real	2m46.827s
user	3m20.360s
sys	0m46.316s

real	2m46.243s
user	3m20.376s
sys	0m45.606s

real	2m46.883s
user	3m19.912s
sys	0m46.198s

real	2m46.743s
user	3m18.975s
sys	0m46.795s

real	2m46.135s
user	3m19.093s
sys	0m46.589s

real	2m46.621s
user	3m18.623s
sys	0m46.657s

real	2m45.757s
user	3m21.377s
sys	0m43.472s

real	2m49.759s
user	3m22.269s
sys	0m44.637s

real	2m46.969s
user	3m21.717s
sys	0m44.530s

real	2m46.511s
user	3m20.657s
sys	0m44.494s

real	2m48.038s
user	3m21.858s
sys	0m43.371s

real	2m46.198s
user	3m20.525s
sys	0m44.383s

real	2m46.484s
user	3m18.692s
sys	0m46.045s

real	2m47.064s
user	3m19.372s
sys	0m45.652s

real	2m46.836s
user	3m20.022s
sys	0m44.536s

real	2m46.909s
user	3m22.373s
sys	0m43.671s

real	2m46.488s
user	3m21.725s
sys	0m43.402s

real	2m47.381s
user	3m21.775s
sys	0m42.925s

real	2m46.808s
user	3m21.817s
sys	0m43.591s

real	2m46.533s
user	3m22.025s
sys	0m43.497s

real	2m48.944s
user	3m20.020s
sys	0m46.564s

real	2m46.953s
user	3m17.911s
sys	0m47.828s

real	2m46.366s
user	3m20.755s
sys	0m44.256s

real	2m46.788s
user	3m20.471s
sys	0m44.191s

real	2m46.794s
user	3m21.032s
sys	0m44.702s

real	2m45.997s
user	3m20.711s
sys	0m43.801s
Submitted batch job 476676
FINISHED at Sun Apr 3 15:00:40 CEST 2016
