STARTING AT Sun Apr 3 13:27:36 CEST 2016

real	1m21.921s
user	1m47.731s
sys	0m17.418s

real	1m16.929s
user	1m47.006s
sys	0m15.938s

real	1m18.150s
user	1m46.460s
sys	0m16.531s

real	1m19.053s
user	1m47.026s
sys	0m16.521s

real	1m15.804s
user	1m45.133s
sys	0m16.302s

real	1m16.920s
user	1m45.122s
sys	0m17.326s

real	1m16.868s
user	1m46.376s
sys	0m16.495s

real	1m16.803s
user	1m45.897s
sys	0m16.916s

real	1m16.654s
user	1m46.958s
sys	0m15.632s

real	1m17.013s
user	1m46.502s
sys	0m16.562s

real	1m15.979s
user	1m47.199s
sys	0m14.803s

real	1m17.664s
user	1m46.631s
sys	0m16.226s

real	1m16.377s
user	1m46.787s
sys	0m15.579s

real	1m16.999s
user	1m46.255s
sys	0m16.461s

real	1m16.827s
user	1m46.692s
sys	0m16.166s

real	1m16.344s
user	1m46.563s
sys	0m15.667s

real	1m17.157s
user	1m45.716s
sys	0m17.339s

real	1m16.774s
user	1m46.530s
sys	0m16.234s

real	1m16.843s
user	1m45.725s
sys	0m17.052s

real	1m16.281s
user	1m46.613s
sys	0m15.647s

real	1m16.816s
user	1m46.011s
sys	0m16.685s

real	1m16.805s
user	1m46.699s
sys	0m16.156s

real	1m17.002s
user	1m46.582s
sys	0m16.427s

real	1m16.567s
user	1m46.860s
sys	0m15.645s

real	1m17.282s
user	1m46.546s
sys	0m16.403s

real	1m16.870s
user	1m47.191s
sys	0m15.626s

real	1m16.705s
user	1m46.977s
sys	0m15.578s

real	1m16.698s
user	1m46.522s
sys	0m15.935s

real	1m16.806s
user	1m46.595s
sys	0m16.112s

real	1m16.147s
user	1m46.641s
sys	0m15.453s

real	1m15.975s
user	1m46.547s
sys	0m15.322s
Submitted batch job 476655
FINISHED at Sun Apr 3 14:07:25 CEST 2016
