STARTING AT Sun Apr 3 12:43:02 CEST 2016

real	0m50.576s
user	1m8.454s
sys	0m10.481s

real	0m50.373s
user	1m8.313s
sys	0m10.306s

real	0m50.098s
user	1m8.416s
sys	0m10.062s

real	0m50.697s
user	1m8.334s
sys	0m10.721s

real	0m49.822s
user	1m8.065s
sys	0m10.137s

real	0m48.461s
user	1m6.207s
sys	0m10.592s

real	0m50.865s
user	1m8.247s
sys	0m10.755s

real	0m52.536s
user	1m8.373s
sys	0m10.390s

real	0m50.474s
user	1m8.300s
sys	0m10.614s

real	0m50.139s
user	1m8.192s
sys	0m10.237s

real	0m50.967s
user	1m7.948s
sys	0m10.675s

real	0m50.248s
user	1m8.063s
sys	0m10.384s

real	0m50.238s
user	1m8.517s
sys	0m10.043s

real	0m50.971s
user	1m8.591s
sys	0m10.450s

real	0m50.248s
user	1m8.395s
sys	0m10.177s

real	0m50.088s
user	1m8.292s
sys	0m10.227s

real	0m52.037s
user	1m8.339s
sys	0m10.207s

real	0m50.984s
user	1m8.322s
sys	0m10.601s

real	0m50.725s
user	1m8.172s
sys	0m10.816s

real	0m50.729s
user	1m8.057s
sys	0m10.963s

real	0m50.577s
user	1m8.416s
sys	0m10.533s

real	0m50.153s
user	1m8.242s
sys	0m10.373s

real	0m50.684s
user	1m8.666s
sys	0m10.423s

real	0m50.761s
user	1m8.525s
sys	0m10.650s

real	0m50.663s
user	1m8.007s
sys	0m10.380s

real	0m50.313s
user	1m7.733s
sys	0m10.855s

real	0m50.242s
user	1m7.928s
sys	0m10.549s

real	0m50.238s
user	1m8.048s
sys	0m10.543s

real	0m50.119s
user	1m7.831s
sys	0m10.697s

real	0m50.599s
user	1m8.305s
sys	0m10.592s

real	0m50.545s
user	1m8.547s
sys	0m10.059s
Submitted batch job 476641
FINISHED at Sun Apr 3 13:09:08 CEST 2016
