STARTING AT Sun Apr 3 14:34:09 CEST 2016

real	0m45.751s
user	0m59.030s
sys	0m8.857s

real	0m45.583s
user	0m59.048s
sys	0m8.712s

real	0m45.611s
user	0m59.095s
sys	0m8.807s

real	0m45.812s
user	0m59.100s
sys	0m9.053s

real	0m45.617s
user	0m59.325s
sys	0m8.629s

real	0m46.221s
user	0m59.188s
sys	0m8.858s

real	0m45.730s
user	0m59.099s
sys	0m8.947s

real	0m45.782s
user	0m59.322s
sys	0m8.704s

real	0m45.596s
user	0m58.965s
sys	0m8.791s

real	0m45.789s
user	0m59.029s
sys	0m8.763s

real	0m45.315s
user	0m58.986s
sys	0m8.607s

real	0m45.581s
user	0m58.963s
sys	0m8.868s

real	0m45.605s
user	0m58.825s
sys	0m8.620s

real	0m45.706s
user	0m59.226s
sys	0m8.776s

real	0m45.584s
user	0m59.246s
sys	0m8.684s

real	0m45.765s
user	0m58.992s
sys	0m8.901s

real	0m45.837s
user	0m58.699s
sys	0m9.409s

real	0m45.488s
user	0m58.947s
sys	0m8.754s

real	0m45.692s
user	0m58.775s
sys	0m9.058s

real	0m45.491s
user	0m58.979s
sys	0m8.713s

real	0m45.887s
user	0m59.274s
sys	0m8.957s

real	0m45.553s
user	0m59.071s
sys	0m8.839s

real	0m45.707s
user	0m59.216s
sys	0m8.672s

real	0m45.765s
user	0m58.945s
sys	0m9.092s

real	0m45.752s
user	0m59.273s
sys	0m8.775s

real	0m45.633s
user	0m59.040s
sys	0m8.896s

real	0m45.579s
user	0m59.146s
sys	0m8.762s

real	0m45.908s
user	0m59.377s
sys	0m8.891s

real	0m45.824s
user	0m59.080s
sys	0m8.912s

real	0m45.608s
user	0m59.191s
sys	0m8.809s

real	0m45.649s
user	0m59.045s
sys	0m8.959s
Submitted batch job 476673
FINISHED at Sun Apr 3 14:57:45 CEST 2016
