STARTING AT Sun Apr 3 13:36:39 CEST 2016

real	0m45.041s
user	0m58.136s
sys	0m9.244s

real	0m45.572s
user	0m58.433s
sys	0m9.007s

real	0m45.005s
user	0m58.483s
sys	0m8.724s

real	0m45.020s
user	0m58.185s
sys	0m9.016s

real	0m45.486s
user	0m58.570s
sys	0m9.242s

real	0m45.116s
user	0m58.431s
sys	0m8.781s

real	0m45.040s
user	0m58.731s
sys	0m8.583s

real	0m45.131s
user	0m58.448s
sys	0m8.830s

real	0m45.280s
user	0m58.226s
sys	0m9.182s

real	0m45.186s
user	0m58.475s
sys	0m8.764s

real	0m45.222s
user	0m58.725s
sys	0m8.758s

real	0m45.369s
user	0m58.883s
sys	0m8.663s

real	0m45.068s
user	0m58.558s
sys	0m8.702s

real	0m45.049s
user	0m58.335s
sys	0m8.893s

real	0m45.187s
user	0m58.459s
sys	0m8.810s

real	0m45.231s
user	0m58.149s
sys	0m9.326s

real	0m45.058s
user	0m58.434s
sys	0m8.760s

real	0m45.025s
user	0m58.164s
sys	0m8.746s

real	0m45.052s
user	0m58.542s
sys	0m8.855s

real	0m45.216s
user	0m58.246s
sys	0m9.310s

real	0m45.460s
user	0m58.649s
sys	0m8.803s

real	0m45.200s
user	0m58.451s
sys	0m8.773s

real	0m45.165s
user	0m58.746s
sys	0m8.724s

real	0m45.130s
user	0m58.307s
sys	0m8.631s

real	0m45.038s
user	0m58.645s
sys	0m8.649s

real	0m45.027s
user	0m58.403s
sys	0m8.853s

real	0m45.237s
user	0m58.342s
sys	0m9.159s

real	0m45.046s
user	0m58.612s
sys	0m8.721s

real	0m45.062s
user	0m58.545s
sys	0m8.836s

real	0m45.086s
user	0m58.245s
sys	0m8.773s

real	0m45.333s
user	0m58.114s
sys	0m9.333s
Submitted batch job 476653
FINISHED at Sun Apr 3 14:00:01 CEST 2016
