STARTING AT Sun Apr 3 12:53:13 CEST 2016

real	1m0.838s
user	1m14.307s
sys	0m13.267s

real	0m56.480s
user	1m13.819s
sys	0m10.907s

real	0m56.540s
user	1m13.478s
sys	0m11.468s

real	0m56.475s
user	1m14.194s
sys	0m10.756s

real	0m56.258s
user	1m14.000s
sys	0m10.772s

real	0m56.489s
user	1m13.713s
sys	0m11.147s

real	0m56.401s
user	1m14.014s
sys	0m10.855s

real	0m56.193s
user	1m13.815s
sys	0m10.852s

real	0m56.477s
user	1m13.434s
sys	0m11.284s

real	0m56.461s
user	1m14.018s
sys	0m10.814s

real	0m56.731s
user	1m13.529s
sys	0m11.590s

real	0m57.097s
user	1m13.858s
sys	0m11.317s

real	0m57.153s
user	1m14.577s
sys	0m11.274s

real	0m56.326s
user	1m13.460s
sys	0m11.195s

real	0m56.514s
user	1m13.824s
sys	0m11.118s

real	0m56.634s
user	1m14.048s
sys	0m11.403s

real	0m56.557s
user	1m13.903s
sys	0m11.124s

real	0m56.595s
user	1m14.033s
sys	0m11.028s

real	0m56.504s
user	1m13.758s
sys	0m11.020s

real	0m56.623s
user	1m13.631s
sys	0m11.278s

real	0m56.711s
user	1m13.458s
sys	0m11.555s

real	0m59.399s
user	1m14.610s
sys	0m10.629s

real	0m56.277s
user	1m14.226s
sys	0m10.511s

real	0m56.184s
user	1m13.856s
sys	0m10.829s

real	0m56.458s
user	1m13.916s
sys	0m11.027s

real	0m56.293s
user	1m13.938s
sys	0m10.706s

real	0m58.347s
user	1m14.382s
sys	0m10.697s

real	0m56.346s
user	1m14.007s
sys	0m10.606s

real	0m56.459s
user	1m14.122s
sys	0m10.648s

real	0m56.172s
user	1m13.931s
sys	0m10.658s

real	0m56.346s
user	1m13.894s
sys	0m10.767s
Submitted batch job 476644
FINISHED at Sun Apr 3 13:22:33 CEST 2016
