STARTING AT Sun Apr 3 13:23:12 CEST 2016

real	1m26.495s
user	1m56.206s
sys	0m16.340s

real	1m26.332s
user	1m55.984s
sys	0m16.579s

real	1m26.361s
user	1m56.226s
sys	0m16.460s

real	1m26.393s
user	1m55.512s
sys	0m17.342s

real	1m25.111s
user	1m55.035s
sys	0m16.454s

real	1m26.213s
user	1m55.979s
sys	0m16.452s

real	1m26.153s
user	1m56.110s
sys	0m16.428s

real	1m26.367s
user	1m55.851s
sys	0m16.586s

real	1m26.072s
user	1m55.949s
sys	0m16.453s

real	1m28.575s
user	1m56.482s
sys	0m16.296s

real	1m26.037s
user	1m56.319s
sys	0m16.230s

real	1m26.075s
user	1m55.839s
sys	0m16.602s

real	1m26.049s
user	1m55.787s
sys	0m16.595s

real	1m26.262s
user	1m55.925s
sys	0m16.628s

real	1m26.623s
user	1m55.930s
sys	0m16.674s

real	1m26.086s
user	1m55.000s
sys	0m17.273s

real	1m26.220s
user	1m55.344s
sys	0m17.295s

real	1m25.914s
user	1m56.470s
sys	0m15.839s

real	1m26.129s
user	1m55.816s
sys	0m16.815s

real	1m26.131s
user	1m55.303s
sys	0m17.235s

real	1m26.500s
user	1m55.077s
sys	0m17.573s

real	1m26.616s
user	1m55.982s
sys	0m16.542s

real	1m26.290s
user	1m55.557s
sys	0m17.012s

real	1m26.438s
user	1m55.169s
sys	0m17.565s

real	1m29.058s
user	1m55.167s
sys	0m17.912s

real	1m26.002s
user	1m55.702s
sys	0m16.810s

real	1m27.528s
user	1m55.195s
sys	0m17.468s

real	1m26.735s
user	1m55.098s
sys	0m17.590s

real	1m25.514s
user	1m54.931s
sys	0m17.040s

real	1m28.958s
user	1m56.373s
sys	0m16.654s

real	1m26.377s
user	1m56.278s
sys	0m16.290s
Submitted batch job 476656
FINISHED at Sun Apr 3 14:07:54 CEST 2016
