STARTING AT Sun Apr 3 14:51:19 CEST 2016

real	0m24.979s
user	0m29.024s
sys	0m5.745s

real	0m24.513s
user	0m28.697s
sys	0m5.196s

real	0m23.823s
user	0m28.909s
sys	0m5.138s

real	0m23.877s
user	0m28.676s
sys	0m5.414s

real	0m23.763s
user	0m28.855s
sys	0m5.283s

real	0m23.811s
user	0m28.817s
sys	0m5.296s

real	0m24.043s
user	0m28.974s
sys	0m5.392s

real	0m23.875s
user	0m28.854s
sys	0m5.223s

real	0m24.926s
user	0m29.021s
sys	0m5.333s

real	0m23.863s
user	0m29.045s
sys	0m5.083s

real	0m23.806s
user	0m28.929s
sys	0m4.992s

real	0m24.092s
user	0m28.984s
sys	0m5.229s

real	0m23.833s
user	0m28.791s
sys	0m5.235s

real	0m24.003s
user	0m29.136s
sys	0m5.164s

real	0m23.864s
user	0m28.787s
sys	0m5.162s

real	0m25.611s
user	0m28.716s
sys	0m5.301s

real	0m26.041s
user	0m28.893s
sys	0m5.234s

real	0m23.915s
user	0m29.038s
sys	0m5.205s

real	0m23.887s
user	0m28.895s
sys	0m5.268s

real	0m23.893s
user	0m28.749s
sys	0m5.353s

real	0m26.472s
user	0m29.706s
sys	0m5.167s

real	0m25.348s
user	0m29.493s
sys	0m5.542s

real	0m23.954s
user	0m28.737s
sys	0m5.275s

real	0m24.122s
user	0m29.311s
sys	0m5.234s

real	0m23.891s
user	0m28.612s
sys	0m5.420s

real	0m24.054s
user	0m28.783s
sys	0m5.355s

real	0m23.637s
user	0m28.970s
sys	0m4.982s

real	0m25.495s
user	0m28.805s
sys	0m5.337s

real	0m25.110s
user	0m29.094s
sys	0m5.482s

real	0m23.970s
user	0m28.974s
sys	0m5.255s

real	0m23.956s
user	0m28.765s
sys	0m5.434s
Submitted batch job 476677
FINISHED at Sun Apr 3 15:03:54 CEST 2016
