STARTING AT Sun Apr 3 14:26:08 CEST 2016

real	1m16.611s
user	1m27.672s
sys	0m15.063s

real	1m5.747s
user	1m26.873s
sys	0m12.784s

real	1m5.681s
user	1m26.323s
sys	0m13.024s

real	1m5.437s
user	1m25.974s
sys	0m13.052s

real	1m5.326s
user	1m26.667s
sys	0m12.781s

real	1m5.505s
user	1m26.173s
sys	0m13.002s

real	1m5.525s
user	1m26.204s
sys	0m12.867s

real	1m5.601s
user	1m26.749s
sys	0m12.947s

real	1m5.336s
user	1m26.447s
sys	0m12.671s

real	1m5.407s
user	1m26.201s
sys	0m13.220s

real	1m5.459s
user	1m26.446s
sys	0m12.609s

real	1m5.603s
user	1m26.243s
sys	0m12.933s

real	1m5.463s
user	1m26.881s
sys	0m12.794s

real	1m5.280s
user	1m26.574s
sys	0m12.952s

real	1m5.720s
user	1m26.208s
sys	0m12.615s

real	1m6.013s
user	1m26.402s
sys	0m13.276s

real	1m5.636s
user	1m26.505s
sys	0m12.723s

real	1m5.572s
user	1m25.961s
sys	0m13.149s

real	1m5.421s
user	1m26.576s
sys	0m12.994s

real	1m5.428s
user	1m25.996s
sys	0m13.548s

real	1m3.361s
user	1m24.708s
sys	0m12.816s

real	1m5.816s
user	1m26.155s
sys	0m13.161s

real	1m4.813s
user	1m26.165s
sys	0m11.902s

real	1m4.484s
user	1m26.123s
sys	0m12.692s

real	1m4.758s
user	1m26.204s
sys	0m12.681s

real	1m4.737s
user	1m26.450s
sys	0m12.446s

real	1m4.812s
user	1m26.578s
sys	0m12.512s

real	1m4.641s
user	1m25.935s
sys	0m12.303s

real	1m4.775s
user	1m26.122s
sys	0m12.647s

real	1m5.349s
user	1m26.792s
sys	0m12.328s

real	1m4.886s
user	1m25.822s
sys	0m12.824s
Submitted batch job 476675
FINISHED at Sun Apr 3 15:00:02 CEST 2016
