STARTING AT Sun Apr 3 12:33:54 CEST 2016

real	1m14.303s
user	1m28.312s
sys	0m14.899s

real	1m5.876s
user	1m27.180s
sys	0m12.575s

real	1m5.967s
user	1m26.671s
sys	0m12.659s

real	1m6.336s
user	1m26.696s
sys	0m12.648s

real	1m6.419s
user	1m26.775s
sys	0m12.772s

real	1m6.465s
user	1m26.837s
sys	0m12.685s

real	1m6.110s
user	1m26.527s
sys	0m12.814s

real	1m7.759s
user	1m26.580s
sys	0m12.817s

real	1m6.232s
user	1m26.559s
sys	0m12.874s

real	1m6.338s
user	1m26.789s
sys	0m12.589s

real	1m6.192s
user	1m26.791s
sys	0m12.677s

real	1m6.329s
user	1m26.864s
sys	0m13.183s

real	1m6.249s
user	1m26.378s
sys	0m13.130s

real	1m6.142s
user	1m26.452s
sys	0m13.501s

real	1m6.297s
user	1m26.169s
sys	0m13.260s

real	1m7.728s
user	1m26.149s
sys	0m13.329s

real	1m6.317s
user	1m27.175s
sys	0m12.295s

real	1m6.575s
user	1m26.491s
sys	0m13.092s

real	1m6.242s
user	1m26.567s
sys	0m13.023s

real	1m6.001s
user	1m26.409s
sys	0m12.912s

real	1m6.261s
user	1m26.355s
sys	0m13.303s

real	1m6.140s
user	1m26.033s
sys	0m13.266s

real	1m6.343s
user	1m25.850s
sys	0m13.571s

real	1m8.092s
user	1m26.307s
sys	0m13.731s

real	1m6.318s
user	1m26.693s
sys	0m12.977s

real	1m6.190s
user	1m26.764s
sys	0m12.794s

real	1m6.175s
user	1m26.435s
sys	0m13.274s

real	1m4.033s
user	1m24.935s
sys	0m12.911s

real	1m7.438s
user	1m27.383s
sys	0m12.839s

real	1m8.710s
user	1m27.072s
sys	0m12.974s

real	1m6.594s
user	1m26.644s
sys	0m13.169s
Submitted batch job 476640
FINISHED at Sun Apr 3 13:08:22 CEST 2016
