STARTING AT Sun Apr 3 14:29:08 CEST 2016

real	1m0.134s
user	1m17.976s
sys	0m14.200s

real	0m55.787s
user	1m17.112s
sys	0m12.397s

real	0m56.467s
user	1m17.702s
sys	0m12.435s

real	0m55.871s
user	1m17.520s
sys	0m12.057s

real	0m56.056s
user	1m17.627s
sys	0m12.187s

real	0m55.792s
user	1m17.687s
sys	0m11.939s

real	0m55.392s
user	1m17.910s
sys	0m11.463s

real	0m55.481s
user	1m17.807s
sys	0m11.348s

real	0m55.952s
user	1m17.714s
sys	0m11.688s

real	0m56.084s
user	1m17.844s
sys	0m12.090s

real	0m56.085s
user	1m17.829s
sys	0m11.506s

real	0m56.331s
user	1m17.898s
sys	0m12.189s

real	0m56.235s
user	1m17.885s
sys	0m12.153s

real	0m56.378s
user	1m17.937s
sys	0m12.258s

real	0m57.535s
user	1m18.977s
sys	0m11.444s

real	0m57.298s
user	1m19.670s
sys	0m11.815s

real	0m56.994s
user	1m19.066s
sys	0m11.750s

real	0m57.585s
user	1m19.037s
sys	0m12.476s

real	1m0.303s
user	1m17.438s
sys	0m14.145s

real	0m57.057s
user	1m19.510s
sys	0m11.721s

real	0m57.174s
user	1m19.435s
sys	0m11.882s

real	0m59.349s
user	1m18.375s
sys	0m13.166s

real	0m57.497s
user	1m19.338s
sys	0m12.271s

real	0m59.389s
user	1m18.770s
sys	0m12.535s

real	0m58.043s
user	1m19.491s
sys	0m12.232s

real	1m0.055s
user	1m19.100s
sys	0m12.086s

real	0m58.007s
user	1m19.414s
sys	0m12.745s

real	0m59.605s
user	1m19.274s
sys	0m11.818s

real	0m57.741s
user	1m19.242s
sys	0m12.241s

real	0m59.447s
user	1m18.976s
sys	0m12.598s

real	0m57.978s
user	1m19.458s
sys	0m12.239s
Submitted batch job 476674
FINISHED at Sun Apr 3 14:58:47 CEST 2016
